#0 building with "default" instance using docker driver

#1 [internal] load build definition from Dockerfile
#1 transferring dockerfile: 2.12kB done
#1 DONE 0.0s

#2 [internal] load metadata for docker.io/nvidia/cudagl:10.0-devel-ubuntu16.04
#2 DONE 0.9s

#3 [internal] load .dockerignore
#3 transferring context: 2B done
#3 DONE 0.0s

#4 [ 1/15] FROM docker.io/nvidia/cudagl:10.0-devel-ubuntu16.04@sha256:aaaeab8001df323da2cf42c524d1a494d057504ae0710079b0465f40d223dea3
#4 DONE 0.0s

#5 [10/15] RUN /bin/bash -c "source /root/.bashrc"
#5 CACHED

#6 [ 8/15] RUN rosdep fix-permissions && rosdep update
#6 CACHED

#7 [ 3/15] RUN apt-get update &&     apt-get install -y vim     curl     tmux     git     wget     lsb-release     lsb-core
#7 CACHED

#8 [ 4/15] RUN wget http://packages.ros.org/ros.key -O - | apt-key add -
#8 CACHED

#9 [ 2/15] RUN apt-key adv --keyserver keyserver.ubuntu.com --recv-keys A4B469963BF863CC
#9 CACHED

#10 [ 5/15] RUN echo "deb http://packages.ros.org/ros/ubuntu $(lsb_release -sc) main" > /etc/apt/sources.list.d/ros-latest.list
#10 CACHED

#11 [ 9/15] RUN echo "source /opt/ros/kinetic/setup.bash" >> /root/.bashrc
#11 CACHED

#12 [ 6/15] RUN apt-get update &&     apt-get install -y ros-kinetic-desktop python-rosdep &&     apt-get install -y python-rosinstall &&     rosdep init
#12 CACHED

#13 [ 7/15] RUN sh -c 'echo "deb http://packages.osrfoundation.org/gazebo/ubuntu-stable `lsb_release -cs` main" > /etc/apt/sources.list.d/gazebo-stable.list' &&     wget http://packages.osrfoundation.org/gazebo.key -O - | sudo apt-key add - &&     apt-get update &&     apt-get install -y gazebo7 libgazebo7-dev &&     apt-get install -y ros-kinetic-gazebo-ros-pkgs ros-kinetic-gazebo-ros-control
#13 CACHED

#14 [11/15] RUN apt-get update &&     apt-get install -y python-catkin-tools libncurses5-dev &&     rm -rf /var/lib/apt/lists/*
#14 CACHED

#15 [12/15] RUN /bin/bash -c "source /opt/ros/kinetic/setup.bash &&     cd / &&     git clone -b  melodic-dev https://github.com/nubot-nudt/simatch.git &&     cd simatch &&     chmod +x configure &&     ./configure &&     catkin_make"
#15 0.309 Cloning into 'simatch'...
#15 5.683 The following configuration if for Git. If you do NOT use Git, you could ignore these messages even if it were errors.
#15 5.782 -- The C compiler identification is GNU 5.4.0
#15 5.810 -- The CXX compiler identification is GNU 5.4.0
#15 5.812 -- Check for working C compiler: /usr/bin/cc
#15 5.843 -- Check for working C compiler: /usr/bin/cc -- works
#15 5.843 -- Detecting C compiler ABI info
#15 5.925 -- Detecting C compiler ABI info - done
#15 5.933 -- Detecting C compile features
#15 6.135 -- Detecting C compile features - done
#15 6.138 -- Check for working CXX compiler: /usr/bin/c++
#15 6.179 -- Check for working CXX compiler: /usr/bin/c++ -- works
#15 6.180 -- Detecting CXX compiler ABI info
#15 6.211 -- Detecting CXX compiler ABI info - done
#15 6.214 -- Detecting CXX compile features
#15 6.380 -- Detecting CXX compile features - done
#15 6.444 -- Using CATKIN_DEVEL_PREFIX: /simatch/devel
#15 6.444 -- Using CMAKE_PREFIX_PATH: /opt/ros/kinetic
#15 6.444 -- This workspace overlays: /opt/ros/kinetic
#15 6.451 -- Found PythonInterp: /usr/bin/python2 (found suitable version "2.7.12", minimum required is "2") 
#15 6.451 -- Using PYTHON_EXECUTABLE: /usr/bin/python2
#15 6.451 -- Using Debian Python package layout
#15 6.451 -- Using empy: /usr/bin/empy
#15 6.519 -- Using CATKIN_ENABLE_TESTING: ON
#15 6.519 -- Call enable_testing()
#15 6.520 -- Using CATKIN_TEST_RESULTS_DIR: /simatch/build/test_results
#15 6.531 -- Found gtest sources under '/usr/src/gmock': gtests will be built
#15 6.531 -- Found gmock sources under '/usr/src/gmock': gmock will be built
#15 6.537 -- Found PythonInterp: /usr/bin/python2 (found version "2.7.12") 
#15 6.537 -- Looking for pthread.h
#15 6.578 -- Looking for pthread.h - found
#15 6.578 -- Looking for pthread_create
#15 6.642 -- Looking for pthread_create - not found
#15 6.642 -- Looking for pthread_create in pthreads
#15 6.686 -- Looking for pthread_create in pthreads - not found
#15 6.686 -- Looking for pthread_create in pthread
#15 6.772 -- Looking for pthread_create in pthread - found
#15 6.773 -- Found Threads: TRUE  
#15 6.777 -- Using Python nosetests: /usr/bin/nosetests-2.7
#15 6.816 -- catkin 0.7.29
#15 6.816 -- BUILD_SHARED_LIBS is on
#15 6.875 -- BUILD_SHARED_LIBS is on
#15 7.158 -- ~~~~~~~~~~~~~~~~~~~~~~~~~~~~~~~~~~~~~~~~~~~~~~~~~
#15 7.158 -- ~~  traversing 14 packages in topological order:
#15 7.158 -- ~~  - cmake_modules
#15 7.158 -- ~~  - joystick_drivers (metapackage)
#15 7.158 -- ~~  - nubot (metapackage)
#15 7.158 -- ~~  - realtime_tools
#15 7.158 -- ~~  - nubot_common
#15 7.158 -- ~~  - nubot_hwcontroller
#15 7.158 -- ~~  - joy
#15 7.158 -- ~~  - nubot_description
#15 7.158 -- ~~  - nubot_gazebo
#15 7.158 -- ~~  - world_model
#15 7.158 -- ~~  - nubot_coach
#15 7.158 -- ~~  - nubot_control
#15 7.159 -- ~~  - auto_referee
#15 7.159 -- ~~  - simulation_interface
#15 7.159 -- ~~~~~~~~~~~~~~~~~~~~~~~~~~~~~~~~~~~~~~~~~~~~~~~~~
#15 7.159 -- +++ processing catkin package: 'cmake_modules'
#15 7.159 -- ==> add_subdirectory(common/cmake_modules)
#15 7.212 -- +++ processing catkin metapackage: 'joystick_drivers'
#15 7.212 -- ==> add_subdirectory(common/joystick_drivers/joystick_drivers)
#15 7.227 -- +++ processing catkin metapackage: 'nubot'
#15 7.227 -- ==> add_subdirectory(robot_code/nubot)
#15 7.241 -- +++ processing catkin package: 'realtime_tools'
#15 7.241 -- ==> add_subdirectory(realtime_tools)
#15 7.315 -- Boost version: 1.58.0
#15 7.315 -- Found the following Boost libraries:
#15 7.315 --   thread
#15 7.315 --   chrono
#15 7.315 --   system
#15 7.315 --   date_time
#15 7.315 --   atomic
#15 7.364 -- +++ processing catkin package: 'nubot_common'
#15 7.364 -- ==> add_subdirectory(robot_code/nubot_common)
#15 7.396 -- Using these message generators: gencpp;geneus;genlisp;gennodejs;genpy
#15 7.496 -- nubot_common: 27 messages, 1 services
#15 7.564 -- +++ processing catkin package: 'nubot_hwcontroller'
#15 7.564 -- ==> add_subdirectory(robot_code/nubot_hwcontroller)
#15 7.579 -- Using these message generators: gencpp;geneus;genlisp;gennodejs;genpy
#15 7.687 -- nubot_hwcontroller: 1 messages, 0 services
#15 7.744 -- +++ processing catkin package: 'joy'
#15 7.744 -- ==> add_subdirectory(common/joystick_drivers/joy)
#15 7.807 CMake Warning at /opt/ros/kinetic/share/catkin/cmake/catkin_package.cmake:166 (message):
#15 7.807   catkin_package() DEPENDS on 'joystick' but neither 'joystick_INCLUDE_DIRS'
#15 7.807   nor 'joystick_LIBRARIES' is defined.
#15 7.807 Call Stack (most recent call first):
#15 7.807   /opt/ros/kinetic/share/catkin/cmake/catkin_package.cmake:102 (_catkin_package)
#15 7.807   common/joystick_drivers/joy/CMakeLists.txt:9 (catkin_package)
#15 7.807 
#15 7.807 
#15 7.846 -- Looking for include file linux/joystick.h
#15 7.914 -- Looking for include file linux/joystick.h - found
#15 7.915 -- +++ processing catkin package: 'nubot_description'
#15 7.915 -- ==> add_subdirectory(gazebo_visual/nubot_description)
#15 7.975 -- Using these message generators: gencpp;geneus;genlisp;gennodejs;genpy
#15 8.043 CMake Warning at /opt/ros/kinetic/share/catkin/cmake/catkin_package.cmake:166 (message):
#15 8.043   catkin_package() DEPENDS on 'gazebo' but neither 'gazebo_INCLUDE_DIRS' nor
#15 8.043   'gazebo_LIBRARIES' is defined.
#15 8.043 Call Stack (most recent call first):
#15 8.043   /opt/ros/kinetic/share/catkin/cmake/catkin_package.cmake:102 (_catkin_package)
#15 8.043   gazebo_visual/nubot_description/CMakeLists.txt:9 (catkin_package)
#15 8.043 
#15 8.043 
#15 8.078 -- +++ processing catkin package: 'nubot_gazebo'
#15 8.078 -- ==> add_subdirectory(gazebo_visual/nubot_gazebo)
#15 8.130 -- Using these message generators: gencpp;geneus;genlisp;gennodejs;genpy
#15 8.194 -- Found Protobuf: /usr/lib/x86_64-linux-gnu/libprotobuf.so  
#15 8.217 -- Boost version: 1.58.0
#15 8.217 -- Found the following Boost libraries:
#15 8.217 --   thread
#15 8.217 --   system
#15 8.217 --   filesystem
#15 8.217 --   program_options
#15 8.217 --   regex
#15 8.217 --   iostreams
#15 8.217 --   date_time
#15 8.217 --   chrono
#15 8.217 --   atomic
#15 8.226 -- Boost version: 1.58.0
#15 8.227 -- Looking for OGRE...
#15 8.227 -- OGRE_PREFIX_WATCH changed.
#15 8.229 -- Found PkgConfig: /usr/bin/pkg-config (found version "0.29.1") 
#15 8.230 -- Checking for module 'OGRE'
#15 8.237 --   Found OGRE, version 1.9.0
#15 8.259 -- Found Ogre Ghadamon (1.9.0)
#15 8.262 -- Found OGRE: optimized;/usr/lib/x86_64-linux-gnu/libOgreMain.so;debug;/usr/lib/x86_64-linux-gnu/libOgreMain.so
#15 8.280 -- Looking for OGRE_Paging...
#15 8.282 -- Found OGRE_Paging: optimized;/usr/lib/x86_64-linux-gnu/libOgrePaging.so;debug;/usr/lib/x86_64-linux-gnu/libOgrePaging.so
#15 8.282 -- Looking for OGRE_Terrain...
#15 8.283 -- Found OGRE_Terrain: optimized;/usr/lib/x86_64-linux-gnu/libOgreTerrain.so;debug;/usr/lib/x86_64-linux-gnu/libOgreTerrain.so
#15 8.283 -- Looking for OGRE_Property...
#15 8.285 -- Found OGRE_Property: optimized;/usr/lib/x86_64-linux-gnu/libOgreProperty.so;debug;/usr/lib/x86_64-linux-gnu/libOgreProperty.so
#15 8.285 -- Looking for OGRE_RTShaderSystem...
#15 8.286 -- Found OGRE_RTShaderSystem: optimized;/usr/lib/x86_64-linux-gnu/libOgreRTShaderSystem.so;debug;/usr/lib/x86_64-linux-gnu/libOgreRTShaderSystem.so
#15 8.286 -- Looking for OGRE_Volume...
#15 8.288 -- Found OGRE_Volume: optimized;/usr/lib/x86_64-linux-gnu/libOgreVolume.so;debug;/usr/lib/x86_64-linux-gnu/libOgreVolume.so
#15 8.288 -- Looking for OGRE_Overlay...
#15 8.289 -- Found OGRE_Overlay: optimized;/usr/lib/x86_64-linux-gnu/libOgreOverlay.so;debug;/usr/lib/x86_64-linux-gnu/libOgreOverlay.so
#15 8.328 -- Boost version: 1.58.0
#15 8.328 -- Found the following Boost libraries:
#15 8.328 --   system
#15 8.335 gazebo include path: /usr/include;/usr/include/gazebo-7;/usr/include;/usr/include/sdformat-4.4;/usr/include/ignition/math2;/usr/include;/usr/include/OGRE;/usr/include;/usr/include;/usr/include/OGRE/Terrain;/usr/include/OGRE/Paging;/usr/include/ignition/math2
#15 8.348 CMake Warning at /opt/ros/kinetic/share/catkin/cmake/catkin_package.cmake:166 (message):
#15 8.348   catkin_package() DEPENDS on 'gazebo' but neither 'gazebo_INCLUDE_DIRS' nor
#15 8.348   'gazebo_LIBRARIES' is defined.
#15 8.348 Call Stack (most recent call first):
#15 8.348   /opt/ros/kinetic/share/catkin/cmake/catkin_package.cmake:102 (_catkin_package)
#15 8.348   gazebo_visual/nubot_gazebo/CMakeLists.txt:28 (catkin_package)
#15 8.348 
#15 8.348 
#15 8.401 -- +++ processing catkin package: 'world_model'
#15 8.401 -- ==> add_subdirectory(robot_code/world_model)
#15 8.436 -- Using these message generators: gencpp;geneus;genlisp;gennodejs;genpy
#15 8.462 -- Checking for module 'eigen3'
#15 8.470 --   Found eigen3, version 3.2.92
#15 8.492 -- Found Eigen: /usr/include/eigen3  
#15 8.492 -- Eigen found (include: /usr/include/eigen3)
#15 8.501 -- Boost version: 1.58.0
#15 8.559 -- +++ processing catkin package: 'nubot_coach'
#15 8.559 -- ==> add_subdirectory(nubot_coach/src)
#15 8.613 -- Using these message generators: gencpp;geneus;genlisp;gennodejs;genpy
#15 8.669 -- Found OpenCV: /opt/ros/kinetic (found version "3.3.1") 
#15 8.675 -- Boost version: 1.58.0
#15 8.732 -- +++ processing catkin package: 'nubot_control'
#15 8.732 -- ==> add_subdirectory(robot_code/nubot_control)
#15 8.776 -- Using these message generators: gencpp;geneus;genlisp;gennodejs;genpy
#15 8.801 -- Eigen found (include: /usr/include/eigen3)
#15 8.863 -- +++ processing catkin package: 'auto_referee'
#15 8.863 -- ==> add_subdirectory(auto_referee)
#15 8.932 -- Boost version: 1.58.0
#15 8.932 -- Found the following Boost libraries:
#15 8.932 --   system
#15 8.989 -- +++ processing catkin package: 'simulation_interface'
#15 8.989 -- ==> add_subdirectory(robot_code/simulation_interface)
#15 9.019 -- Using these message generators: gencpp;geneus;genlisp;gennodejs;genpy
#15 9.053 -- Eigen found (include: /usr/include/eigen3)
#15 9.060 -- Boost version: 1.58.0
#15 9.122 -- Configuring done
#15 9.204 -- Generating done
#15 9.214 -- Build files have been written to: /simatch/build
#15 9.241 Scanning dependencies of target std_msgs_generate_messages_lisp
#15 9.241 Scanning dependencies of target _nubot_common_generate_messages_check_deps_Relocation
#15 9.241 Scanning dependencies of target _nubot_common_generate_messages_check_deps_VelCmd
#15 9.241 Scanning dependencies of target _nubot_common_generate_messages_check_deps_OdoInfo
#15 9.241 Scanning dependencies of target _nubot_common_generate_messages_check_deps_Point2d
#15 9.241 Scanning dependencies of target _nubot_common_generate_messages_check_deps_currentCmd
#15 9.242 Scanning dependencies of target _nubot_common_generate_messages_check_deps_MotorInfo
#15 9.242 Scanning dependencies of target _nubot_common_generate_messages_check_deps_CoachWorldModelInfo
#15 9.242 Scanning dependencies of target _nubot_common_generate_messages_check_deps_BallIsHolding
#15 9.243 Scanning dependencies of target _nubot_common_generate_messages_check_deps_Angle
#15 9.243 Scanning dependencies of target _nubot_common_generate_messages_check_deps_PPoint
#15 9.243 Scanning dependencies of target geometry_msgs_generate_messages_lisp
#15 9.243 Scanning dependencies of target _nubot_common_generate_messages_check_deps_WorldModelInfo
#15 9.243 Scanning dependencies of target _nubot_common_generate_messages_check_deps_BallInfo
#15 9.243 Scanning dependencies of target _nubot_common_generate_messages_check_deps_StrategyInfo
#15 9.243 Scanning dependencies of target _nubot_common_generate_messages_check_deps_DribbleId
#15 9.244 Scanning dependencies of target _nubot_common_generate_messages_check_deps_ObstaclesInfo3d
#15 9.244 Scanning dependencies of target realtime_tools
#15 9.244 Scanning dependencies of target _nubot_common_generate_messages_check_deps_Teleop_joy
#15 9.244 Scanning dependencies of target _nubot_common_generate_messages_check_deps_Point3d
#15 9.244 Scanning dependencies of target _nubot_common_generate_messages_check_deps_OminiVisionInfo
#15 9.244 Scanning dependencies of target _nubot_common_generate_messages_check_deps_RobotInfo
#15 9.244 Scanning dependencies of target _nubot_common_generate_messages_check_deps_TargetInfo
#15 9.244 Scanning dependencies of target _nubot_common_generate_messages_check_deps_SendingOff
#15 9.244 Scanning dependencies of target _nubot_common_generate_messages_check_deps_CoachInfo
#15 9.244 Scanning dependencies of target _nubot_common_generate_messages_check_deps_object_info
#15 9.246 Scanning dependencies of target _nubot_common_generate_messages_check_deps_PassCommands
#15 9.246 [  0%] Built target std_msgs_generate_messages_lisp
#15 9.247 Scanning dependencies of target _nubot_common_generate_messages_check_deps_simulation_strategy
#15 9.251 [  0%] Building CXX object realtime_tools/CMakeFiles/realtime_tools.dir/src/realtime_clock.cpp.o
#15 9.251 [  0%] Built target geometry_msgs_generate_messages_lisp
#15 9.253 Scanning dependencies of target _nubot_common_generate_messages_check_deps_BallInfo3d
#15 9.257 Scanning dependencies of target _nubot_common_generate_messages_check_deps_ObstaclesInfo
#15 9.262 [  0%] Built target _nubot_common_generate_messages_check_deps_currentCmd
#15 9.263 [  0%] Built target _nubot_common_generate_messages_check_deps_Relocation
#15 9.263 [  0%] Built target _nubot_common_generate_messages_check_deps_Point2d
#15 9.263 [  0%] Built target _nubot_common_generate_messages_check_deps_PPoint
#15 9.264 [  0%] Built target _nubot_common_generate_messages_check_deps_VelCmd
#15 9.264 [  0%] Built target _nubot_common_generate_messages_check_deps_OdoInfo
#15 9.265 [  0%] Built target _nubot_common_generate_messages_check_deps_BallInfo
#15 9.266 [  0%] Built target _nubot_common_generate_messages_check_deps_MotorInfo
#15 9.266 [  0%] Built target _nubot_common_generate_messages_check_deps_Angle
#15 9.267 [  0%] Built target _nubot_common_generate_messages_check_deps_OminiVisionInfo
#15 9.267 [  0%] Built target _nubot_common_generate_messages_check_deps_ObstaclesInfo3d
#15 9.267 [  0%] Built target _nubot_common_generate_messages_check_deps_BallIsHolding
#15 9.268 Scanning dependencies of target _nubot_common_generate_messages_check_deps_ActionCmd
#15 9.268 [  0%] Built target _nubot_common_generate_messages_check_deps_TargetInfo
#15 9.268 [  0%] Built target _nubot_common_generate_messages_check_deps_WorldModelInfo
#15 9.268 [  0%] Built target _nubot_common_generate_messages_check_deps_DribbleId
#15 9.269 [  0%] Built target _nubot_common_generate_messages_check_deps_StrategyInfo
#15 9.269 [  0%] Built target _nubot_common_generate_messages_check_deps_CoachWorldModelInfo
#15 9.269 [  0%] Built target _nubot_common_generate_messages_check_deps_CoachInfo
#15 9.269 [  0%] Built target _nubot_common_generate_messages_check_deps_object_info
#15 9.270 Scanning dependencies of target std_msgs_generate_messages_py
#15 9.270 Scanning dependencies of target geometry_msgs_generate_messages_nodejs
#15 9.270 [  0%] Built target _nubot_common_generate_messages_check_deps_simulation_strategy
#15 9.270 [  0%] Built target _nubot_common_generate_messages_check_deps_RobotInfo
#15 9.271 [  0%] Built target _nubot_common_generate_messages_check_deps_PassCommands
#15 9.271 Scanning dependencies of target geometry_msgs_generate_messages_cpp
#15 9.271 Scanning dependencies of target std_msgs_generate_messages_nodejs
#15 9.272 Scanning dependencies of target geometry_msgs_generate_messages_py
#15 9.272 Scanning dependencies of target _nubot_hwcontroller_generate_messages_check_deps_DebugInfo
#15 9.272 Scanning dependencies of target geometry_msgs_generate_messages_eus
#15 9.272 Scanning dependencies of target std_msgs_generate_messages_cpp
#15 9.273 Scanning dependencies of target std_msgs_generate_messages_eus
#15 9.273 Scanning dependencies of target roscpp_generate_messages_cpp
#15 9.273 Scanning dependencies of target rosgraph_msgs_generate_messages_eus
#15 9.273 Scanning dependencies of target nubot_hwcontroller_gencfg
#15 9.275 Scanning dependencies of target rosgraph_msgs_generate_messages_nodejs
#15 9.275 Scanning dependencies of target rosgraph_msgs_generate_messages_py
#15 9.275 [  0%] Built target _nubot_common_generate_messages_check_deps_BallInfo3d
#15 9.275 [  0%] Built target geometry_msgs_generate_messages_nodejs
#15 9.276 Scanning dependencies of target roscpp_generate_messages_eus
#15 9.276 Scanning dependencies of target rosgraph_msgs_generate_messages_cpp
#15 9.276 [  0%] Built target std_msgs_generate_messages_py
#15 9.276 Scanning dependencies of target rosgraph_msgs_generate_messages_lisp
#15 9.276 Scanning dependencies of target dynamic_reconfigure_gencfg
#15 9.277 Scanning dependencies of target roscpp_generate_messages_py
#15 9.277 [  0%] Built target geometry_msgs_generate_messages_cpp
#15 9.277 Scanning dependencies of target roscpp_generate_messages_lisp
#15 9.277 [  0%] Built target std_msgs_generate_messages_nodejs
#15 9.277 [  0%] Built target geometry_msgs_generate_messages_py
#15 9.278 [  0%] Built target _nubot_common_generate_messages_check_deps_Point3d
#15 9.278 [  0%] Built target rosgraph_msgs_generate_messages_eus
#15 9.278 [  0%] Built target roscpp_generate_messages_cpp
#15 9.279 [  0%] Generating dynamic reconfigure files from cfg/controller.cfg: /simatch/devel/include/nubot_hwcontroller/controllerConfig.h /simatch/devel/lib/python2.7/dist-packages/nubot_hwcontroller/cfg/controllerConfig.py
#15 9.279 [  0%] Built target std_msgs_generate_messages_eus
#15 9.280 Scanning dependencies of target roscpp_generate_messages_nodejs
#15 9.281 [  0%] Built target rosgraph_msgs_generate_messages_py
#15 9.281 [  0%] Built target _nubot_common_generate_messages_check_deps_ObstaclesInfo
#15 9.281 Scanning dependencies of target dynamic_reconfigure_generate_messages_py
#15 9.281 [  0%] Built target rosgraph_msgs_generate_messages_nodejs
#15 9.281 Scanning dependencies of target dynamic_reconfigure_generate_messages_cpp
#15 9.281 [  0%] Built target rosgraph_msgs_generate_messages_lisp
#15 9.282 [  0%] Built target dynamic_reconfigure_gencfg
#15 9.282 [  0%] Built target rosgraph_msgs_generate_messages_cpp
#15 9.282 Scanning dependencies of target dynamic_reconfigure_generate_messages_nodejs
#15 9.282 [  0%] Built target roscpp_generate_messages_eus
#15 9.283 [  0%] Built target geometry_msgs_generate_messages_eus
#15 9.283 [  0%] Built target std_msgs_generate_messages_cpp
#15 9.283 [  0%] Built target roscpp_generate_messages_py
#15 9.283 Scanning dependencies of target dynamic_reconfigure_generate_messages_eus
#15 9.284 [  0%] Built target roscpp_generate_messages_lisp
#15 9.284 Scanning dependencies of target dynamic_reconfigure_generate_messages_lisp
#15 9.284 Scanning dependencies of target std_srvs_generate_messages_py
#15 9.285 [  0%] Built target _nubot_common_generate_messages_check_deps_Teleop_joy
#15 9.285 Scanning dependencies of target std_srvs_generate_messages_eus
#15 9.285 [  0%] Built target roscpp_generate_messages_nodejs
#15 9.285 [  0%] Built target _nubot_common_generate_messages_check_deps_SendingOff
#15 9.285 Scanning dependencies of target std_srvs_generate_messages_nodejs
#15 9.286 [  0%] Built target dynamic_reconfigure_generate_messages_cpp
#15 9.286 [  0%] Built target dynamic_reconfigure_generate_messages_py
#15 9.286 Scanning dependencies of target std_srvs_generate_messages_lisp
#15 9.287 Scanning dependencies of target sensor_msgs_generate_messages_cpp
#15 9.288 Scanning dependencies of target sensor_msgs_generate_messages_eus
#15 9.288 Scanning dependencies of target std_srvs_generate_messages_cpp
#15 9.288 Scanning dependencies of target sensor_msgs_generate_messages_lisp
#15 9.289 Scanning dependencies of target sensor_msgs_generate_messages_nodejs
#15 9.289 Scanning dependencies of target sensor_msgs_generate_messages_py
#15 9.289 Scanning dependencies of target gazebo_msgs_generate_messages_nodejs
#15 9.289 [  0%] Built target dynamic_reconfigure_generate_messages_nodejs
#15 9.290 Scanning dependencies of target joy_node
#15 9.290 [  0%] Built target dynamic_reconfigure_generate_messages_lisp
#15 9.290 [  0%] Built target dynamic_reconfigure_generate_messages_eus
#15 9.290 Scanning dependencies of target tf2_msgs_generate_messages_py
#15 9.290 [  0%] Built target std_srvs_generate_messages_py
#15 9.290 Scanning dependencies of target trajectory_msgs_generate_messages_lisp
#15 9.290 [  0%] Built target std_srvs_generate_messages_eus
#15 9.291 [  0%] Built target std_srvs_generate_messages_nodejs
#15 9.291 Scanning dependencies of target gazebo_msgs_generate_messages_lisp
#15 9.292 Scanning dependencies of target gazebo_msgs_generate_messages_py
#15 9.292 [  0%] Built target _nubot_common_generate_messages_check_deps_ActionCmd
#15 9.292 Scanning dependencies of target actionlib_generate_messages_nodejs
#15 9.292 Scanning dependencies of target gazebo_msgs_generate_messages_eus
#15 9.292 [  0%] Built target std_srvs_generate_messages_lisp
#15 9.293 Scanning dependencies of target trajectory_msgs_generate_messages_cpp
#15 9.293 [  0%] Built target sensor_msgs_generate_messages_eus
#15 9.294 [  0%] Built target std_srvs_generate_messages_cpp
#15 9.294 Scanning dependencies of target trajectory_msgs_generate_messages_nodejs
#15 9.294 [  0%] Built target _nubot_hwcontroller_generate_messages_check_deps_DebugInfo
#15 9.294 Scanning dependencies of target trajectory_msgs_generate_messages_eus
#15 9.295 [  0%] Built target sensor_msgs_generate_messages_py
#15 9.295 [  0%] Built target gazebo_msgs_generate_messages_nodejs
#15 9.295 Scanning dependencies of target tf_generate_messages_py
#15 9.295 Scanning dependencies of target actionlib_msgs_generate_messages_lisp
#15 9.296 [  0%] Built target tf2_msgs_generate_messages_py
#15 9.296 [  0%] Built target sensor_msgs_generate_messages_nodejs
#15 9.296 [  0%] Built target sensor_msgs_generate_messages_cpp
#15 9.297 Scanning dependencies of target tf2_msgs_generate_messages_cpp
#15 9.297 Scanning dependencies of target actionlib_generate_messages_lisp
#15 9.297 [  0%] Built target gazebo_msgs_generate_messages_lisp
#15 9.297 [  0%] Built target trajectory_msgs_generate_messages_lisp
#15 9.297 [  0%] Built target gazebo_msgs_generate_messages_eus
#15 9.297 Scanning dependencies of target tf_generate_messages_nodejs
#15 9.297 Scanning dependencies of target actionlib_msgs_generate_messages_eus
#15 9.297 [  0%] Built target sensor_msgs_generate_messages_lisp
#15 9.297 [  0%] Built target gazebo_msgs_generate_messages_py
#15 9.298 Scanning dependencies of target trajectory_msgs_generate_messages_py
#15 9.298 [  0%] Building CXX object common/joystick_drivers/joy/CMakeFiles/joy_node.dir/src/joy_node.cpp.o
#15 9.298 Scanning dependencies of target gazebo_ros_gencfg
#15 9.299 Scanning dependencies of target actionlib_generate_messages_eus
#15 9.300 [  0%] Built target trajectory_msgs_generate_messages_cpp
#15 9.300 [  0%] Built target trajectory_msgs_generate_messages_nodejs
#15 9.300 [  0%] Built target actionlib_generate_messages_nodejs
#15 9.300 Scanning dependencies of target actionlib_msgs_generate_messages_cpp
#15 9.301 [  0%] Built target tf_generate_messages_py
#15 9.301 Scanning dependencies of target tf_generate_messages_eus
#15 9.301 [  0%] Built target actionlib_msgs_generate_messages_lisp
#15 9.302 Scanning dependencies of target actionlib_generate_messages_py
#15 9.302 Scanning dependencies of target actionlib_msgs_generate_messages_py
#15 9.302 Scanning dependencies of target tf_generate_messages_cpp
#15 9.302 Scanning dependencies of target actionlib_generate_messages_cpp
#15 9.302 Scanning dependencies of target actionlib_msgs_generate_messages_nodejs
#15 9.303 [  0%] Built target actionlib_generate_messages_lisp
#15 9.303 [  0%] Built target tf_generate_messages_nodejs
#15 9.304 [  0%] Built target trajectory_msgs_generate_messages_eus
#15 9.304 Scanning dependencies of target tf2_msgs_generate_messages_nodejs
#15 9.304 Scanning dependencies of target tf_generate_messages_lisp
#15 9.304 [  0%] Built target actionlib_msgs_generate_messages_eus
#15 9.304 [  0%] Built target trajectory_msgs_generate_messages_py
#15 9.304 [  0%] Built target tf2_msgs_generate_messages_cpp
#15 9.305 Scanning dependencies of target tf2_msgs_generate_messages_lisp
#15 9.305 Scanning dependencies of target tf2_msgs_generate_messages_eus
#15 9.305 [  0%] Built target actionlib_generate_messages_eus
#15 9.305 [  0%] Built target gazebo_ros_gencfg
#15 9.305 Scanning dependencies of target nubot_gazebo_gencfg
#15 9.306 [  0%] Built target actionlib_msgs_generate_messages_cpp
#15 9.307 Scanning dependencies of target rtdb
#15 9.307 Scanning dependencies of target nubot_common_generate_messages_lisp
#15 9.307 [  0%] Built target tf_generate_messages_eus
#15 9.308 [  0%] Built target actionlib_generate_messages_py
#15 9.308 Scanning dependencies of target xrtdb
#15 9.308 [  0%] Built target actionlib_msgs_generate_messages_py
#15 9.308 Scanning dependencies of target gazebo_msgs_generate_messages_cpp
#15 9.309 [  0%] Built target actionlib_generate_messages_cpp
#15 9.309 [  0%] Built target actionlib_msgs_generate_messages_nodejs
#15 9.309 Scanning dependencies of target nubot_common_generate_messages_py
#15 9.309 [  0%] Built target tf_generate_messages_cpp
#15 9.309 [  0%] Built target tf2_msgs_generate_messages_nodejs
#15 9.310 Scanning dependencies of target nubot_common_generate_messages_nodejs
#15 9.310 Scanning dependencies of target nubot_common_generate_messages_cpp
#15 9.310 Scanning dependencies of target nubot_hwcontroller_generate_messages_nodejs
#15 9.311 Scanning dependencies of target nubot_common_generate_messages_eus
#15 9.311 Scanning dependencies of target multicast
#15 9.311 Scanning dependencies of target nubot_hwcontroller_generate_messages_py
#15 9.312 [  0%] Built target tf_generate_messages_lisp
#15 9.312 [  0%] Built target tf2_msgs_generate_messages_eus
#15 9.312 Scanning dependencies of target nubot_hwcontroller_generate_messages_cpp
#15 9.313 [  1%] Building CXX object robot_code/world_model/rtdb/CMakeFiles/rtdb.dir/rtdb_api.cpp.o
#15 9.313 Scanning dependencies of target nubot_hwcontroller_generate_messages_eus
#15 9.313 Scanning dependencies of target nubot_hwcontroller_generate_messages_lisp
#15 9.313 [  3%] Generating Lisp code from nubot_common/Teleop_joy.msg
#15 9.313 [  3%] Generating dynamic reconfigure files from config/nubot_gazebo.cfg: /simatch/devel/include/nubot_gazebo/nubot_gazeboConfig.h /simatch/devel/lib/python2.7/dist-packages/nubot_gazebo/cfg/nubot_gazeboConfig.py
#15 9.313 [  3%] Generating Lisp code from nubot_common/BallIsHolding.msg
#15 9.314 [  3%] Generating Lisp code from nubot_common/CoachWorldModelInfo.msg
#15 9.314 [  3%] Generating Lisp code from nubot_common/BallInfo.msg
#15 9.314 [  4%] Generating Lisp code from nubot_common/ObstaclesInfo3d.msg
#15 9.314 [  4%] Generating Lisp code from nubot_common/OdoInfo.msg
#15 9.314 [  5%] Generating Lisp code from nubot_common/VelCmd.msg
#15 9.314 [  5%] Generating Lisp code from nubot_common/BallInfo3d.msg
#15 9.314 [  5%] Built target gazebo_msgs_generate_messages_cpp
#15 9.315 [  5%] Built target tf2_msgs_generate_messages_lisp
#15 9.316 [  5%] Generating Javascript code from nubot_hwcontroller/DebugInfo.msg
#15 9.316 [  5%] Generating Javascript code from nubot_common/BallInfo.msg
#15 9.316 [  5%] Generating C++ code from nubot_common/BallInfo.msg
#15 9.317 Generating reconfiguration files for controller in nubot_hwcontroller
#15 9.317 Wrote header file in /simatch/devel/include/nubot_hwcontroller/controllerConfig.h
#15 9.317 [  6%] Generating Python from MSG nubot_hwcontroller/DebugInfo
#15 9.317 [  6%] Building C object robot_code/world_model/rtdb/parser/CMakeFiles/xrtdb.dir/rtdb_errors.c.o
#15 9.317 [  7%] Generating Lisp code from nubot_common/object_info.msg
#15 9.318 [  7%] Generating EusLisp code from nubot_hwcontroller/DebugInfo.msg
#15 9.319 [  8%] Generating C++ code from nubot_hwcontroller/DebugInfo.msg
#15 9.319 [  8%] Building C object robot_code/world_model/rtdb/parser/CMakeFiles/xrtdb.dir/xrtdb.c.o
#15 9.319 [  8%] Building CXX object robot_code/world_model/rtdb/CMakeFiles/multicast.dir/multicast.cpp.o
#15 9.320 [  8%] Generating Lisp code from nubot_hwcontroller/DebugInfo.msg
#15 9.320 [  9%] Generating Python from MSG nubot_common/BallInfo
#15 9.320 [ 10%] Generating EusLisp code from nubot_common/BallInfo.msg
#15 9.320 [ 10%] Generating Javascript code from nubot_common/Teleop_joy.msg
#15 9.322 [ 10%] Generating C++ code from nubot_common/Teleop_joy.msg
#15 9.340 [ 10%] Generating Lisp code from nubot_common/Angle.msg
#15 9.342 [ 11%] Generating Lisp code from nubot_common/OminiVisionInfo.msg
#15 9.342 [ 11%] Generating Lisp code from nubot_common/Point3d.msg
#15 9.342 [ 11%] Generating Lisp code from nubot_common/MotorInfo.msg
#15 9.343 [ 12%] Building C object robot_code/world_model/rtdb/parser/CMakeFiles/xrtdb.dir/rtdb_functions.c.o
#15 9.343 [ 12%] Built target nubot_hwcontroller_gencfg
#15 9.345 [ 13%] Generating Lisp code from nubot_common/simulation_strategy.msg
#15 9.346 [ 13%] Built target nubot_hwcontroller_generate_messages_lisp
#15 9.347 [ 13%] Generating Python from MSG nubot_common/Teleop_joy
#15 9.348 [ 13%] Generating Javascript code from nubot_common/ObstaclesInfo3d.msg
#15 9.349 Generating reconfiguration files for NubotGazebo in nubot_gazebo
#15 9.349 Wrote header file in /simatch/devel/include/nubot_gazebo/NubotGazeboConfig.h
#15 9.351 [ 14%] Generating Javascript code from nubot_common/BallInfo3d.msg
#15 9.352 [ 16%] Generating Javascript code from nubot_common/OdoInfo.msg
#15 9.352 [ 16%] Generating EusLisp manifest code for nubot_hwcontroller
#15 9.355 [ 16%] Generating EusLisp code from nubot_common/OdoInfo.msg
#15 9.363 [ 16%] Built target nubot_hwcontroller_generate_messages_nodejs
#15 9.363 [ 17%] Generating Python from MSG nubot_common/OdoInfo
#15 9.363 [ 17%] Generating C++ code from nubot_common/OdoInfo.msg
#15 9.368 [ 17%] Generating C++ code from nubot_common/ObstaclesInfo3d.msg
#15 9.368 [ 17%] Building C object robot_code/world_model/rtdb/parser/CMakeFiles/xrtdb.dir/rtdb_user_creator.c.o
#15 9.370 [ 17%] Generating Javascript code from nubot_common/VelCmd.msg
#15 9.370 [ 17%] Generating Lisp code from nubot_common/PassCommands.msg
#15 9.376 [ 17%] Built target nubot_gazebo_gencfg
#15 9.376 [ 18%] Generating Python from MSG nubot_common/ObstaclesInfo3d
#15 9.378 [ 18%] Linking CXX static library /simatch/devel/lib/libmulticast.a
#15 9.380 [ 18%] Generating Javascript code from nubot_common/CoachWorldModelInfo.msg
#15 9.380 [ 18%] Generating EusLisp code from nubot_common/BallInfo3d.msg
#15 9.380 [ 20%] Building C object robot_code/world_model/rtdb/parser/CMakeFiles/xrtdb.dir/rtdb_ini_creator.c.o
#15 9.383 [ 21%] Generating EusLisp code from nubot_common/ObstaclesInfo3d.msg
#15 9.383 [ 22%] Generating Lisp code from nubot_common/SendingOff.msg
#15 9.391 [ 23%] Generating EusLisp code from nubot_common/Teleop_joy.msg
#15 9.391 [ 23%] Generating Javascript code from nubot_common/BallIsHolding.msg
#15 9.392 [ 23%] Built target multicast
#15 9.393 [ 23%] Built target nubot_hwcontroller_generate_messages_cpp
#15 9.397 [ 23%] Building C object robot_code/world_model/rtdb/parser/CMakeFiles/xrtdb.dir/xrtdb.tab.c.o
#15 9.398 [ 23%] Generating Javascript code from nubot_common/object_info.msg
#15 9.398 [ 23%] Generating Lisp code from nubot_common/PPoint.msg
#15 9.399 [ 23%] Generating Python from MSG nubot_common/BallInfo3d
#15 9.400 [ 23%] Generating Lisp code from nubot_common/WorldModelInfo.msg
#15 9.402 [ 24%] Generating Python from MSG nubot_common/VelCmd
#15 9.404 [ 25%] Generating Javascript code from nubot_common/Angle.msg
#15 9.407 [ 25%] Generating Python from MSG nubot_common/CoachWorldModelInfo
#15 9.409 [ 26%] Generating EusLisp code from nubot_common/VelCmd.msg
#15 9.411 xrtdb.tab.c: In function 'yyparse':
#15 9.411 xrtdb.tab.c:1885:18: warning: passing argument 1 of 'yyerror' discards 'const' qualifier from pointer target type [-Wdiscarded-qualifiers]
#15 9.411 xrtdb.y:36:6: note: expected 'char *' but argument is of type 'const char *'
#15 9.416 [ 27%] Generating Lisp code from nubot_common/ObstaclesInfo.msg
#15 9.420 [ 27%] Generating Lisp code from nubot_common/RobotInfo.msg
#15 9.421 [ 27%] Generating Python from MSG nubot_common/BallIsHolding
#15 9.423 [ 28%] Generating C++ code from nubot_common/BallInfo3d.msg
#15 9.423 [ 28%] Generating EusLisp code from nubot_common/CoachWorldModelInfo.msg
#15 9.424 [ 28%] Generating Python msg __init__.py for nubot_hwcontroller
#15 9.429 [ 29%] Generating Javascript code from nubot_common/MotorInfo.msg
#15 9.429 [ 30%] Generating Python from MSG nubot_common/object_info
#15 9.429 [ 30%] Generating Javascript code from nubot_common/OminiVisionInfo.msg
#15 9.430 [ 30%] Generating EusLisp code from nubot_common/BallIsHolding.msg
#15 9.432 [ 31%] Generating Lisp code from nubot_common/CoachInfo.msg
#15 9.443 [ 31%] Generating Lisp code from nubot_common/ActionCmd.msg
#15 9.445 [ 32%] Generating Lisp code from nubot_common/Relocation.msg
#15 9.445 [ 32%] Generating Python from MSG nubot_common/Angle
#15 9.446 [ 32%] Generating Javascript code from nubot_common/Point3d.msg
#15 9.453 [ 32%] Generating Lisp code from nubot_common/StrategyInfo.msg
#15 9.458 [ 34%] Generating EusLisp code from nubot_common/object_info.msg
#15 9.458 [ 34%] Generating Javascript code from nubot_common/PassCommands.msg
#15 9.458 [ 34%] Generating C++ code from nubot_common/CoachWorldModelInfo.msg
#15 9.458 [ 34%] Generating Javascript code from nubot_common/simulation_strategy.msg
#15 9.461 [ 34%] Generating Javascript code from nubot_common/SendingOff.msg
#15 9.463 [ 34%] Generating EusLisp code from nubot_common/Angle.msg
#15 9.470 [ 34%] Generating C++ code from nubot_common/VelCmd.msg
#15 9.474 [ 35%] Generating Lisp code from nubot_common/Point2d.msg
#15 9.483 [ 35%] Generating Lisp code from nubot_common/TargetInfo.msg
#15 9.487 [ 35%] Generating Lisp code from nubot_common/currentCmd.msg
#15 9.487 [ 35%] Generating Javascript code from nubot_common/WorldModelInfo.msg
#15 9.487 [ 37%] Generating Javascript code from nubot_common/PPoint.msg
#15 9.487 [ 37%] Generating C++ code from nubot_common/BallIsHolding.msg
#15 9.490 [ 38%] Generating Python from MSG nubot_common/OminiVisionInfo
#15 9.493 [ 40%] Generating EusLisp code from nubot_common/OminiVisionInfo.msg
#15 9.498 [ 40%] Generating EusLisp code from nubot_common/Point3d.msg
#15 9.499 [ 41%] Generating Javascript code from nubot_common/ObstaclesInfo.msg
#15 9.499 [ 41%] Generating Lisp code from nubot_common/DribbleId.srv
#15 9.506 [ 41%] Generating Python from MSG nubot_common/Point3d
#15 9.508 [ 42%] Generating Javascript code from nubot_common/RobotInfo.msg
#15 9.508 [ 42%] Generating EusLisp code from nubot_common/MotorInfo.msg
#15 9.510 [ 42%] Generating Javascript code from nubot_common/CoachInfo.msg
#15 9.510 [ 43%] Generating EusLisp code from nubot_common/simulation_strategy.msg
#15 9.511 [ 43%] Generating Python from MSG nubot_common/MotorInfo
#15 9.512 [ 43%] Generating EusLisp code from nubot_common/PassCommands.msg
#15 9.513 [ 44%] Generating Javascript code from nubot_common/ActionCmd.msg
#15 9.516 [ 44%] Generating Javascript code from nubot_common/Relocation.msg
#15 9.516 [ 45%] Generating Python from MSG nubot_common/simulation_strategy
#15 9.516 [ 45%] Generating Javascript code from nubot_common/StrategyInfo.msg
#15 9.519 [ 45%] Generating Python from MSG nubot_common/PassCommands
#15 9.520 [ 45%] Built target nubot_hwcontroller_generate_messages_py
#15 9.526 [ 46%] Generating EusLisp code from nubot_common/SendingOff.msg
#15 9.529 [ 47%] Generating Python from MSG nubot_common/SendingOff
#15 9.530 [ 48%] Generating Javascript code from nubot_common/currentCmd.msg
#15 9.538 [ 48%] Generating C++ code from nubot_common/object_info.msg
#15 9.539 [ 48%] Generating EusLisp code from nubot_common/PPoint.msg
#15 9.540 [ 48%] Generating Javascript code from nubot_common/Point2d.msg
#15 9.541 [ 48%] Generating Python from MSG nubot_common/PPoint
#15 9.545 [ 48%] Built target nubot_common_generate_messages_lisp
#15 9.545 [ 49%] Generating Javascript code from nubot_common/TargetInfo.msg
#15 9.547 [ 50%] Generating EusLisp code from nubot_common/WorldModelInfo.msg
#15 9.547 [ 51%] Generating Python from MSG nubot_common/WorldModelInfo
#15 9.547 [ 51%] Generating Javascript code from nubot_common/DribbleId.srv
#15 9.551 [ 52%] Generating C++ code from nubot_common/Angle.msg
#15 9.552 [ 52%] Generating EusLisp code from nubot_common/ObstaclesInfo.msg
#15 9.555 [ 53%] Linking C executable /simatch/devel/lib/world_model/xrtdb
#15 9.562 [ 53%] Generating Python from MSG nubot_common/ObstaclesInfo
#15 9.568 [ 53%] Generating C++ code from nubot_common/OminiVisionInfo.msg
#15 9.573 [ 54%] Generating Python from MSG nubot_common/CoachInfo
#15 9.576 [ 55%] Generating C++ code from nubot_common/MotorInfo.msg
#15 9.578 [ 55%] Generating EusLisp code from nubot_common/RobotInfo.msg
#15 9.579 [ 56%] Generating EusLisp code from nubot_common/CoachInfo.msg
#15 9.582 [ 56%] Generating Python from MSG nubot_common/RobotInfo
#15 9.586 [ 56%] Generating Python from MSG nubot_common/ActionCmd
#15 9.587 [ 56%] Generating EusLisp code from nubot_common/ActionCmd.msg
#15 9.587 [ 56%] Generating C++ code from nubot_common/Point3d.msg
#15 9.593 [ 57%] Generating Python from MSG nubot_common/Relocation
#15 9.594 [ 57%] Linking CXX static library /simatch/devel/lib/librtdb.a
#15 9.594 [ 57%] Built target xrtdb
#15 9.597 [ 58%] Generating EusLisp code from nubot_common/Relocation.msg
#15 9.598 [ 58%] Generating EusLisp code from nubot_common/StrategyInfo.msg
#15 9.598 [ 58%] Generating Python from MSG nubot_common/StrategyInfo
#15 9.602 [ 58%] Generating C++ code from nubot_common/simulation_strategy.msg
#15 9.608 [ 58%] Generating EusLisp code from nubot_common/currentCmd.msg
#15 9.608 [ 58%] Generating Python from MSG nubot_common/currentCmd
#15 9.608 [ 60%] Generating EusLisp code from nubot_common/Point2d.msg
#15 9.611 [ 60%] Built target nubot_common_generate_messages_nodejs
#15 9.612 [ 60%] Built target rtdb
#15 9.617 [ 62%] Generating Python from MSG nubot_common/Point2d
#15 9.617 [ 62%] Generating C++ code from nubot_common/PassCommands.msg
#15 9.618 [ 62%] Generating Python from MSG nubot_common/TargetInfo
#15 9.619 [ 62%] Generating C++ code from nubot_common/SendingOff.msg
#15 9.619 [ 63%] Generating Python code from SRV nubot_common/DribbleId
#15 9.620 [ 63%] Generating EusLisp code from nubot_common/TargetInfo.msg
#15 9.621 [ 64%] Generating EusLisp code from nubot_common/DribbleId.srv
#15 9.632 [ 64%] Generating EusLisp manifest code for nubot_common
#15 9.646 [ 64%] Generating C++ code from nubot_common/WorldModelInfo.msg
#15 9.648 [ 64%] Generating C++ code from nubot_common/ObstaclesInfo.msg
#15 9.648 [ 65%] Generating C++ code from nubot_common/RobotInfo.msg
#15 9.651 [ 65%] Generating C++ code from nubot_common/CoachInfo.msg
#15 9.656 [ 66%] Generating C++ code from nubot_common/ActionCmd.msg
#15 9.659 [ 66%] Generating C++ code from nubot_common/Relocation.msg
#15 9.660 [ 67%] Generating C++ code from nubot_common/PPoint.msg
#15 9.662 [ 68%] Generating C++ code from nubot_common/StrategyInfo.msg
#15 9.662 [ 68%] Generating C++ code from nubot_common/currentCmd.msg
#15 9.662 [ 68%] Generating C++ code from nubot_common/Point2d.msg
#15 9.667 [ 69%] Generating C++ code from nubot_common/TargetInfo.msg
#15 9.672 [ 69%] Generating C++ code from nubot_common/DribbleId.srv
#15 9.717 [ 69%] Generating Python srv __init__.py for nubot_common
#15 9.718 [ 69%] Generating Python msg __init__.py for nubot_common
#15 9.757 [ 69%] Built target nubot_common_generate_messages_cpp
#15 9.775 [ 69%] Built target nubot_common_generate_messages_py
#15 9.841 [ 69%] Built target nubot_hwcontroller_generate_messages_eus
#15 9.845 Scanning dependencies of target nubot_hwcontroller_generate_messages
#15 9.849 [ 69%] Built target nubot_hwcontroller_generate_messages
#15 10.00 [ 69%] Built target nubot_common_generate_messages_eus
#15 10.01 Scanning dependencies of target nubot_common_generate_messages
#15 10.01 Scanning dependencies of target nubot_teleop_keyboard
#15 10.01 [ 69%] Built target nubot_common_generate_messages
#15 10.02 [ 69%] Building CXX object gazebo_visual/nubot_gazebo/CMakeFiles/nubot_teleop_keyboard.dir/src/nubot_teleop_keyboard.cc.o
#15 10.02 Scanning dependencies of target auto_referee
#15 10.02 Scanning dependencies of target world_model
#15 10.03 Scanning dependencies of target ball_gazebo
#15 10.03 [ 69%] Building CXX object auto_referee/CMakeFiles/auto_referee.dir/src/auto_referee.cpp.o
#15 10.03 Scanning dependencies of target nubot_gazebo
#15 10.03 [ 69%] Building CXX object auto_referee/CMakeFiles/auto_referee.dir/src/Quaternion.cc.o
#15 10.03 [ 70%] Building CXX object auto_referee/CMakeFiles/auto_referee.dir/__/robot_code/nubot_control/src/fieldinformation.cpp.o
#15 10.03 [ 70%] Building CXX object auto_referee/CMakeFiles/auto_referee.dir/src/Helpers.cc.o
#15 10.03 [ 70%] Building CXX object robot_code/world_model/CMakeFiles/world_model.dir/src/obstacles.cpp.o
#15 10.03 [ 70%] Building CXX object robot_code/world_model/CMakeFiles/world_model.dir/src/robot.cpp.o
#15 10.03 [ 71%] Building CXX object robot_code/world_model/CMakeFiles/world_model.dir/src/ball.cpp.o
#15 10.03 [ 72%] Building CXX object robot_code/world_model/CMakeFiles/world_model.dir/src/MTTracker.cpp.o
#15 10.03 [ 72%] Building CXX object robot_code/world_model/CMakeFiles/world_model.dir/src/iAuction.cpp.o
#15 10.04 [ 72%] Building CXX object gazebo_visual/nubot_gazebo/CMakeFiles/ball_gazebo.dir/src/ball_gazebo.cc.o
#15 10.04 [ 72%] Building CXX object gazebo_visual/nubot_gazebo/CMakeFiles/nubot_gazebo.dir/src/nubot_gazebo.cc.o
#15 10.21 [ 72%] Linking CXX shared library /simatch/devel/lib/librealtime_tools.so
#15 10.24 [ 72%] Built target realtime_tools
#15 10.25 Scanning dependencies of target nubot_hwcontroller_node
#15 10.26 [ 73%] Building CXX object robot_code/nubot_hwcontroller/CMakeFiles/nubot_hwcontroller_node.dir/src/nubot_hwcontroller_node.cpp.o
#15 10.48 [ 74%] Linking CXX executable /simatch/devel/lib/joy/joy_node
#15 10.57 [ 74%] Built target joy_node
#15 10.60 /simatch/src/robot_code/world_model/src/MTTracker.cpp: In constructor 'nubot::DKF::DKF(nubot::Vector&, nubot::Matrix&, nubot::Matrix&, nubot::Matrix&, nubot::Matrix&)':
#15 10.60 /simatch/src/robot_code/world_model/src/MTTracker.cpp:353:37: warning: ISO C++ says that these are ambiguous, even though the worst conversion for the first is better than the worst conversion for the second:
#15 10.60      :A(A),H(H),Q(Q),R(R),M(X0),P(10*Q),
#15 10.60                                      ^
#15 10.60 In file included from /usr/include/eigen3/Eigen/src/Core/MatrixBase.h:126:0,
#15 10.60                  from /usr/include/eigen3/Eigen/Core:345,
#15 10.60                  from /usr/include/eigen3/Eigen/Dense:1,
#15 10.60                  from /usr/include/eigen3/Eigen/Eigen:1,
#15 10.60                  from /simatch/src/robot_code/world_model/include/world_model/MTTracker.h:7,
#15 10.60                  from /simatch/src/robot_code/world_model/src/MTTracker.cpp:1:
#15 10.60 /usr/include/eigen3/Eigen/src/Core/../plugins/CommonCwiseUnaryOps.h:83:1: note: candidate 1: const ScalarMultipleReturnType Eigen::operator*(const Scalar&, const StorageBaseType&)
#15 10.60  operator*(const Scalar& scalar, const StorageBaseType& matrix)
#15 10.60  ^
#15 10.60 In file included from /simatch/src/robot_code/nubot_common/include/DPoint.hpp:5:0,
#15 10.60                  from /simatch/src/robot_code/nubot_common/include/PPoint.hpp:4,
#15 10.60                  from /simatch/src/robot_code/nubot_common/include/Line.hpp:4,
#15 10.60                  from /simatch/src/robot_code/nubot_common/include/Circle.hpp:4,
#15 10.60                  from /simatch/src/robot_code/nubot_common/include/core.hpp:9,
#15 10.60                  from /simatch/src/robot_code/world_model/include/world_model/MTTracker.h:6,
#15 10.60                  from /simatch/src/robot_code/world_model/src/MTTracker.cpp:1:
#15 10.60 /simatch/src/robot_code/nubot_common/include/Angle.hpp:125:44: note: candidate 2: nubot::Angle nubot::operator*(const nubot::Angle&, const _Tp&) [with _Tp = Eigen::Matrix<double, -1, -1>]
#15 10.60  template<typename _Tp> static inline Angle operator * (const Angle & a , const _Tp & b ){
#15 10.60                                             ^
#15 10.60 /simatch/src/robot_code/world_model/src/MTTracker.cpp:353:37: warning: ISO C++ says that these are ambiguous, even though the worst conversion for the first is better than the worst conversion for the second:
#15 10.60      :A(A),H(H),Q(Q),R(R),M(X0),P(10*Q),
#15 10.60                                      ^
#15 10.60 In file included from /usr/include/eigen3/Eigen/src/Core/MatrixBase.h:126:0,
#15 10.60                  from /usr/include/eigen3/Eigen/Core:345,
#15 10.60                  from /usr/include/eigen3/Eigen/Dense:1,
#15 10.60                  from /usr/include/eigen3/Eigen/Eigen:1,
#15 10.60                  from /simatch/src/robot_code/world_model/include/world_model/MTTracker.h:7,
#15 10.60                  from /simatch/src/robot_code/world_model/src/MTTracker.cpp:1:
#15 10.60 /usr/include/eigen3/Eigen/src/Core/../plugins/CommonCwiseUnaryOps.h:83:1: note: candidate 1: const ScalarMultipleReturnType Eigen::operator*(const Scalar&, const StorageBaseType&)
#15 10.60  operator*(const Scalar& scalar, const StorageBaseType& matrix)
#15 10.60  ^
#15 10.60 In file included from /simatch/src/robot_code/nubot_common/include/DPoint.hpp:5:0,
#15 10.60                  from /simatch/src/robot_code/nubot_common/include/PPoint.hpp:4,
#15 10.60                  from /simatch/src/robot_code/nubot_common/include/Line.hpp:4,
#15 10.60                  from /simatch/src/robot_code/nubot_common/include/Circle.hpp:4,
#15 10.60                  from /simatch/src/robot_code/nubot_common/include/core.hpp:9,
#15 10.60                  from /simatch/src/robot_code/world_model/include/world_model/MTTracker.h:6,
#15 10.60                  from /simatch/src/robot_code/world_model/src/MTTracker.cpp:1:
#15 10.60 /simatch/src/robot_code/nubot_common/include/Angle.hpp:125:44: note: candidate 2: nubot::Angle nubot::operator*(const nubot::Angle&, const _Tp&) [with _Tp = Eigen::Matrix<double, -1, -1>]
#15 10.60  template<typename _Tp> static inline Angle operator * (const Angle & a , const _Tp & b ){
#15 10.60                                             ^
#15 10.91 [ 75%] Linking CXX executable /simatch/devel/lib/nubot_gazebo/nubot_teleop_keyboard
#15 10.97 [ 75%] Built target nubot_teleop_keyboard
#15 11.81 /simatch/src/gazebo_visual/nubot_gazebo/src/ball_gazebo.cc: In member function 'void gazebo::BallGazebo::ball_vel_decay(double)':
#15 11.81 /simatch/src/gazebo_visual/nubot_gazebo/src/ball_gazebo.cc:72:54: error: 'class gazebo::physics::Model' has no member named 'WorldLinearVel'
#15 11.81      ignition::math::Vector3d  vel = football_model_->WorldLinearVel();
#15 11.81                                                       ^
#15 11.81 /simatch/src/gazebo_visual/nubot_gazebo/src/ball_gazebo.cc:78:29: error: 'class gazebo::physics::Model' has no member named 'WorldPose'
#15 11.81          if(football_model_->WorldPose().Pos().Z() <= 0.12 &&
#15 11.81                              ^
#15 11.81 /simatch/src/gazebo_visual/nubot_gazebo/src/ball_gazebo.cc: In member function 'void gazebo::BallGazebo::detect_ball_out()':
#15 11.81 /simatch/src/gazebo_visual/nubot_gazebo/src/ball_gazebo.cc:97:37: error: 'class gazebo::physics::Model' has no member named 'WorldPose'
#15 11.81      double pos_x = football_model_->WorldPose().Pos().X();
#15 11.81                                      ^
#15 11.81 /simatch/src/gazebo_visual/nubot_gazebo/src/ball_gazebo.cc:98:37: error: 'class gazebo::physics::Model' has no member named 'WorldPose'
#15 11.81      double pos_y = football_model_->WorldPose().Pos().Y();
#15 11.81                                      ^
#15 11.90 In file included from /simatch/src/gazebo_visual/nubot_gazebo/src/nubot_gazebo.cc:9:0:
#15 11.90 /simatch/src/gazebo_visual/nubot_gazebo/src/nubot_gazebo.hh:57:14: error: 'Vector3d' in namespace 'gazebo::math' does not name a type
#15 11.90         math::Vector3d   position;
#15 11.90               ^
#15 11.90 /simatch/src/gazebo_visual/nubot_gazebo/src/nubot_gazebo.hh:58:14: error: 'Quaterniond' in namespace 'gazebo::math' does not name a type
#15 11.90         math::Quaterniond orient;
#15 11.90               ^
#15 11.90 /simatch/src/gazebo_visual/nubot_gazebo/src/nubot_gazebo.hh:62:14: error: 'Vector3d' in namespace 'gazebo::math' does not name a type
#15 11.90         math::Vector3d     linear;
#15 11.90               ^
#15 11.90 /simatch/src/gazebo_visual/nubot_gazebo/src/nubot_gazebo.hh:63:14: error: 'Vector3d' in namespace 'gazebo::math' does not name a type
#15 11.90         math::Vector3d     angular;
#15 11.90               ^
#15 11.90 In file included from /simatch/src/gazebo_visual/nubot_gazebo/src/nubot_gazebo.cc:9:0:
#15 11.90 /simatch/src/gazebo_visual/nubot_gazebo/src/nubot_gazebo.hh:122:15: error: 'Vector3d' in namespace 'gazebo::math' does not name a type
#15 11.90          math::Vector3d               desired_rot_vector_;
#15 11.90                ^
#15 11.90 /simatch/src/gazebo_visual/nubot_gazebo/src/nubot_gazebo.hh:123:15: error: 'Vector3d' in namespace 'gazebo::math' does not name a type
#15 11.90          math::Vector3d               desired_trans_vector_;
#15 11.90                ^
#15 11.90 /simatch/src/gazebo_visual/nubot_gazebo/src/nubot_gazebo.hh:124:15: error: 'Vector3d' in namespace 'gazebo::math' does not name a type
#15 11.90          math::Vector3d               nubot_ball_vec_;
#15 11.90                ^
#15 11.90 /simatch/src/gazebo_visual/nubot_gazebo/src/nubot_gazebo.hh:125:15: error: 'Vector3d' in namespace 'gazebo::math' does not name a type
#15 11.90          math::Vector3d               kick_vector_world_;
#15 11.90                ^
#15 11.90 /simatch/src/gazebo_visual/nubot_gazebo/src/nubot_gazebo.hh:203:37: error: 'gazebo::math::Vector3d' has not been declared
#15 11.90          void nubot_locomotion(math::Vector3d linear_vel_vector, math::Vector3d angular_vel_vector);
#15 11.90                                      ^
#15 11.90 /simatch/src/gazebo_visual/nubot_gazebo/src/nubot_gazebo.hh:203:71: error: 'gazebo::math::Vector3d' has not been declared
#15 11.90          void nubot_locomotion(math::Vector3d linear_vel_vector, math::Vector3d angular_vel_vector);
#15 11.90                                                                        ^
#15 11.90 /simatch/src/gazebo_visual/nubot_gazebo/src/nubot_gazebo.hh:252:15: error: 'Vector3d' in namespace 'gazebo::math' does not name a type
#15 11.90          math::Vector3d accelerateLimit(double duration, math::Vector3d  model_linear_vel, math::Vector3d target_linear_vel,math::Vector3d  model_ang_vel, math::Vector3d target_ang_vel);
#15 11.90                ^
#15 11.90 /simatch/src/gazebo_visual/nubot_gazebo/src/nubot_gazebo.hh:257:15: error: 'Vector3d' in namespace 'gazebo::math' does not name a type
#15 11.90          math::Vector3d speedLimit( math::Vector3d target_linear_vel,math::Vector3d target_ang_vel);
#15 11.90                ^
#15 11.90 /simatch/src/gazebo_visual/nubot_gazebo/src/nubot_gazebo.cc: In constructor 'gazebo::NubotGazebo::NubotGazebo()':
#15 11.90 /simatch/src/gazebo_visual/nubot_gazebo/src/nubot_gazebo.cc:46:5: error: 'desired_rot_vector_' was not declared in this scope
#15 11.90      desired_rot_vector_ = ZERO_VECTOR;
#15 11.90      ^
#15 11.90 /simatch/src/gazebo_visual/nubot_gazebo/src/nubot_gazebo.cc:14:27: error: 'gazebo::math::Vector3d' has not been declared
#15 11.90  #define ZERO_VECTOR math::Vector3d::Zero
#15 11.90                            ^
#15 11.90 /simatch/src/gazebo_visual/nubot_gazebo/src/nubot_gazebo.cc:46:27: note: in expansion of macro 'ZERO_VECTOR'
#15 11.90      desired_rot_vector_ = ZERO_VECTOR;
#15 11.90                            ^
#15 11.90 /simatch/src/gazebo_visual/nubot_gazebo/src/nubot_gazebo.cc:47:5: error: 'desired_trans_vector_' was not declared in this scope
#15 11.90      desired_trans_vector_ = ZERO_VECTOR;
#15 11.90      ^
#15 11.90 /simatch/src/gazebo_visual/nubot_gazebo/src/nubot_gazebo.cc:14:27: error: 'gazebo::math::Vector3d' has not been declared
#15 11.90  #define ZERO_VECTOR math::Vector3d::Zero
#15 11.90                            ^
#15 11.90 /simatch/src/gazebo_visual/nubot_gazebo/src/nubot_gazebo.cc:47:29: note: in expansion of macro 'ZERO_VECTOR'
#15 11.90      desired_trans_vector_ = ZERO_VECTOR;
#15 11.90                              ^
#15 11.90 /simatch/src/gazebo_visual/nubot_gazebo/src/nubot_gazebo.cc:48:5: error: 'nubot_ball_vec_' was not declared in this scope
#15 11.90      nubot_ball_vec_ = math::Vector3d(1,0,0);
#15 11.90      ^
#15 11.90 /simatch/src/gazebo_visual/nubot_gazebo/src/nubot_gazebo.cc:48:23: error: 'Vector3d' is not a member of 'gazebo::math'
#15 11.90      nubot_ball_vec_ = math::Vector3d(1,0,0);
#15 11.90                        ^
#15 11.90 /simatch/src/gazebo_visual/nubot_gazebo/src/nubot_gazebo.cc:48:23: note: suggested alternatives:
#15 11.90 In file included from /usr/include/ignition/math2/ignition/math/Box.hh:23:0,
#15 11.90                  from /usr/include/ignition/math2/ignition/math.hh:5,
#15 11.90                  from /usr/include/sdformat-4.4/sdf/Param.hh:35,
#15 11.90                  from /usr/include/sdformat-4.4/sdf/Element.hh:24,
#15 11.90                  from /usr/include/sdformat-4.4/sdf/sdf.hh:5,
#15 11.90                  from /usr/include/gazebo-7/gazebo/common/Battery.hh:25,
#15 11.90                  from /usr/include/gazebo-7/gazebo/common/common.hh:8,
#15 11.90                  from /usr/include/gazebo-7/gazebo/gazebo_core.hh:19,
#15 11.90                  from /usr/include/gazebo-7/gazebo/gazebo.hh:20,
#15 11.90                  from /simatch/src/gazebo_visual/nubot_gazebo/src/nubot_gazebo.hh:5,
#15 11.90                  from /simatch/src/gazebo_visual/nubot_gazebo/src/nubot_gazebo.cc:9:
#15 11.90 /usr/include/ignition/math2/ignition/math/Vector3.hh:748:29: note:   'ignition::math::Vector3d'
#15 11.90      typedef Vector3<double> Vector3d;
#15 11.90                              ^
#15 11.90 In file included from /usr/include/gazebo-7/gazebo/msgs/pose.pb.h:27:0,
#15 11.90                  from /usr/include/gazebo-7/gazebo/msgs/any.pb.h:29,
#15 11.90                  from /usr/include/gazebo-7/gazebo/msgs/MessageTypes.hh:8,
#15 11.90                  from /usr/include/gazebo-7/gazebo/msgs/msgs.hh:32,
#15 11.90                  from /usr/include/gazebo-7/gazebo/gazebo_core.hh:21,
#15 11.90                  from /usr/include/gazebo-7/gazebo/gazebo.hh:20,
#15 11.90                  from /simatch/src/gazebo_visual/nubot_gazebo/src/nubot_gazebo.hh:5,
#15 11.90                  from /simatch/src/gazebo_visual/nubot_gazebo/src/nubot_gazebo.cc:9:
#15 11.90 /usr/include/gazebo-7/gazebo/msgs/vector3d.pb.h:45:23: note:   'gazebo::msgs::Vector3d'
#15 11.90  class GZ_MSGS_VISIBLE Vector3d : public ::google::protobuf::Message {
#15 11.90                        ^
#15 11.90 /simatch/src/gazebo_visual/nubot_gazebo/src/nubot_gazebo.cc:49:5: error: 'kick_vector_world_' was not declared in this scope
#15 11.90      kick_vector_world_ = kick_vector_robot;
#15 11.90      ^
#15 11.91 /simatch/src/gazebo_visual/nubot_gazebo/src/nubot_gazebo.cc: In member function 'virtual void gazebo::NubotGazebo::Load(gazebo::physics::ModelPtr, sdf::ElementPtr)':
#15 11.91 /simatch/src/gazebo_visual/nubot_gazebo/src/nubot_gazebo.cc:142:27: error: 'class gazebo::physics::World' has no member named 'ModelByName'
#15 11.91      ball_model_ = world_->ModelByName(ball_name_);
#15 11.91                            ^
#15 11.91 /simatch/src/gazebo_visual/nubot_gazebo/src/nubot_gazebo.cc: In member function 'virtual void gazebo::NubotGazebo::Reset()':
#15 11.91 /simatch/src/gazebo_visual/nubot_gazebo/src/nubot_gazebo.cc:215:5: error: 'desired_rot_vector_' was not declared in this scope
#15 11.91      desired_rot_vector_ = ZERO_VECTOR;
#15 11.91      ^
#15 11.91 /simatch/src/gazebo_visual/nubot_gazebo/src/nubot_gazebo.cc:14:27: error: 'gazebo::math::Vector3d' has not been declared
#15 11.91  #define ZERO_VECTOR math::Vector3d::Zero
#15 11.91                            ^
#15 11.91 /simatch/src/gazebo_visual/nubot_gazebo/src/nubot_gazebo.cc:215:27: note: in expansion of macro 'ZERO_VECTOR'
#15 11.91      desired_rot_vector_ = ZERO_VECTOR;
#15 11.91                            ^
#15 11.91 /simatch/src/gazebo_visual/nubot_gazebo/src/nubot_gazebo.cc:216:5: error: 'desired_trans_vector_' was not declared in this scope
#15 11.91      desired_trans_vector_ = ZERO_VECTOR;
#15 11.91      ^
#15 11.91 /simatch/src/gazebo_visual/nubot_gazebo/src/nubot_gazebo.cc:14:27: error: 'gazebo::math::Vector3d' has not been declared
#15 11.91  #define ZERO_VECTOR math::Vector3d::Zero
#15 11.91                            ^
#15 11.91 /simatch/src/gazebo_visual/nubot_gazebo/src/nubot_gazebo.cc:216:29: note: in expansion of macro 'ZERO_VECTOR'
#15 11.91      desired_trans_vector_ = ZERO_VECTOR;
#15 11.91                              ^
#15 11.91 /simatch/src/gazebo_visual/nubot_gazebo/src/nubot_gazebo.cc:217:5: error: 'nubot_ball_vec_' was not declared in this scope
#15 11.91      nubot_ball_vec_ = math::Vector3d(1,0,0);
#15 11.91      ^
#15 11.91 /simatch/src/gazebo_visual/nubot_gazebo/src/nubot_gazebo.cc:217:23: error: 'Vector3d' is not a member of 'gazebo::math'
#15 11.91      nubot_ball_vec_ = math::Vector3d(1,0,0);
#15 11.91                        ^
#15 11.91 /simatch/src/gazebo_visual/nubot_gazebo/src/nubot_gazebo.cc:217:23: note: suggested alternatives:
#15 11.91 In file included from /usr/include/ignition/math2/ignition/math/Box.hh:23:0,
#15 11.91                  from /usr/include/ignition/math2/ignition/math.hh:5,
#15 11.91                  from /usr/include/sdformat-4.4/sdf/Param.hh:35,
#15 11.91                  from /usr/include/sdformat-4.4/sdf/Element.hh:24,
#15 11.91                  from /usr/include/sdformat-4.4/sdf/sdf.hh:5,
#15 11.91                  from /usr/include/gazebo-7/gazebo/common/Battery.hh:25,
#15 11.91                  from /usr/include/gazebo-7/gazebo/common/common.hh:8,
#15 11.91                  from /usr/include/gazebo-7/gazebo/gazebo_core.hh:19,
#15 11.91                  from /usr/include/gazebo-7/gazebo/gazebo.hh:20,
#15 11.91                  from /simatch/src/gazebo_visual/nubot_gazebo/src/nubot_gazebo.hh:5,
#15 11.91                  from /simatch/src/gazebo_visual/nubot_gazebo/src/nubot_gazebo.cc:9:
#15 11.91 /usr/include/ignition/math2/ignition/math/Vector3.hh:748:29: note:   'ignition::math::Vector3d'
#15 11.91      typedef Vector3<double> Vector3d;
#15 11.91                              ^
#15 11.91 In file included from /usr/include/gazebo-7/gazebo/msgs/pose.pb.h:27:0,
#15 11.91                  from /usr/include/gazebo-7/gazebo/msgs/any.pb.h:29,
#15 11.91                  from /usr/include/gazebo-7/gazebo/msgs/MessageTypes.hh:8,
#15 11.91                  from /usr/include/gazebo-7/gazebo/msgs/msgs.hh:32,
#15 11.91                  from /usr/include/gazebo-7/gazebo/gazebo_core.hh:21,
#15 11.91                  from /usr/include/gazebo-7/gazebo/gazebo.hh:20,
#15 11.91                  from /simatch/src/gazebo_visual/nubot_gazebo/src/nubot_gazebo.hh:5,
#15 11.91                  from /simatch/src/gazebo_visual/nubot_gazebo/src/nubot_gazebo.cc:9:
#15 11.91 /usr/include/gazebo-7/gazebo/msgs/vector3d.pb.h:45:23: note:   'gazebo::msgs::Vector3d'
#15 11.91  class GZ_MSGS_VISIBLE Vector3d : public ::google::protobuf::Message {
#15 11.91                        ^
#15 11.91 /simatch/src/gazebo_visual/nubot_gazebo/src/nubot_gazebo.cc:218:5: error: 'kick_vector_world_' was not declared in this scope
#15 11.91      kick_vector_world_ = kick_vector_robot;
#15 11.91      ^
#15 11.91 /simatch/src/gazebo_visual/nubot_gazebo/src/nubot_gazebo.cc: In member function 'void gazebo::NubotGazebo::model_states_CB(const ConstPtr&)':
#15 11.91 /simatch/src/gazebo_visual/nubot_gazebo/src/nubot_gazebo.cc:276:28: error: 'class gazebo::physics::World' has no member named 'ModelCount'
#15 11.91      for(int i=0; i<world_->ModelCount() ;i++)
#15 11.91                             ^
#15 11.92 /simatch/src/gazebo_visual/nubot_gazebo/src/nubot_gazebo.cc: In member function 'bool gazebo::NubotGazebo::update_model_info()':
#15 11.92 /simatch/src/gazebo_visual/nubot_gazebo/src/nubot_gazebo.cc:325:26: error: 'struct gazebo::Pose' has no member named 'position'
#15 11.92          ball_state_.pose.position.Set(model_states_.pose[ball_index_].position.x,model_states_.pose[ball_index_].position.y,
#15 11.92                           ^
#15 11.92 /simatch/src/gazebo_visual/nubot_gazebo/src/nubot_gazebo.cc:327:26: error: 'struct gazebo::Pose' has no member named 'orient'
#15 11.92          ball_state_.pose.orient.Set(model_states_.pose[ball_index_].orientation.w,model_states_.pose[ball_index_].orientation.x,
#15 11.92                           ^
#15 11.92 /simatch/src/gazebo_visual/nubot_gazebo/src/nubot_gazebo.cc:329:27: error: 'struct gazebo::Twist' has no member named 'linear'
#15 11.92          ball_state_.twist.linear.Set(model_states_.twist[ball_index_].linear.x, model_states_.twist[ball_index_].linear.y,
#15 11.92                            ^
#15 11.92 /simatch/src/gazebo_visual/nubot_gazebo/src/nubot_gazebo.cc:331:27: error: 'struct gazebo::Twist' has no member named 'angular'
#15 11.92          ball_state_.twist.angular.Set(model_states_.twist[ball_index_].angular.x, model_states_.twist[ball_index_].angular.y,
#15 11.92                            ^
#15 11.92 /simatch/src/gazebo_visual/nubot_gazebo/src/nubot_gazebo.cc:335:27: error: 'struct gazebo::Pose' has no member named 'position'
#15 11.92          robot_state_.pose.position.Set(model_states_.pose[robot_index_].position.x,model_states_.pose[robot_index_].position.y,
#15 11.92                            ^
#15 11.92 /simatch/src/gazebo_visual/nubot_gazebo/src/nubot_gazebo.cc:337:27: error: 'struct gazebo::Pose' has no member named 'orient'
#15 11.92          robot_state_.pose.orient.Set(model_states_.pose[robot_index_].orientation.w,model_states_.pose[robot_index_].orientation.x,
#15 11.92                            ^
#15 11.92 /simatch/src/gazebo_visual/nubot_gazebo/src/nubot_gazebo.cc:339:28: error: 'struct gazebo::Twist' has no member named 'linear'
#15 11.92          robot_state_.twist.linear.Set(model_states_.twist[robot_index_].linear.x, model_states_.twist[robot_index_].linear.y,
#15 11.92                             ^
#15 11.92 /simatch/src/gazebo_visual/nubot_gazebo/src/nubot_gazebo.cc:341:28: error: 'struct gazebo::Twist' has no member named 'angular'
#15 11.92          robot_state_.twist.angular.Set(model_states_.twist[robot_index_].angular.x, model_states_.twist[robot_index_].angular.y,
#15 11.92                             ^
#15 11.92 /simatch/src/gazebo_visual/nubot_gazebo/src/nubot_gazebo.cc:344:9: error: 'nubot_ball_vec_' was not declared in this scope
#15 11.92          nubot_ball_vec_ = ball_state_.pose.position - robot_state_.pose.position;
#15 11.92          ^
#15 11.92 /simatch/src/gazebo_visual/nubot_gazebo/src/nubot_gazebo.cc:344:44: error: 'struct gazebo::Pose' has no member named 'position'
#15 11.92          nubot_ball_vec_ = ball_state_.pose.position - robot_state_.pose.position;
#15 11.92                                             ^
#15 11.92 /simatch/src/gazebo_visual/nubot_gazebo/src/nubot_gazebo.cc:344:73: error: 'struct gazebo::Pose' has no member named 'position'
#15 11.92          nubot_ball_vec_ = ball_state_.pose.position - robot_state_.pose.position;
#15 11.92                                                                          ^
#15 11.92 /simatch/src/gazebo_visual/nubot_gazebo/src/nubot_gazebo.cc:348:9: error: 'Quaterniond' is not a member of 'gazebo::math'
#15 11.92          math::Quaterniond    rotation_quaternion = robot_state_.pose.orient;
#15 11.92          ^
#15 11.92 /simatch/src/gazebo_visual/nubot_gazebo/src/nubot_gazebo.cc:348:9: note: suggested alternative:
#15 11.92 In file included from /usr/include/ignition/math2/ignition/math/Filter.hh:23:0,
#15 11.92                  from /usr/include/ignition/math2/ignition/math.hh:7,
#15 11.92                  from /usr/include/sdformat-4.4/sdf/Param.hh:35,
#15 11.92                  from /usr/include/sdformat-4.4/sdf/Element.hh:24,
#15 11.92                  from /usr/include/sdformat-4.4/sdf/sdf.hh:5,
#15 11.92                  from /usr/include/gazebo-7/gazebo/common/Battery.hh:25,
#15 11.92                  from /usr/include/gazebo-7/gazebo/common/common.hh:8,
#15 11.92                  from /usr/include/gazebo-7/gazebo/gazebo_core.hh:19,
#15 11.92                  from /usr/include/gazebo-7/gazebo/gazebo.hh:20,
#15 11.92                  from /simatch/src/gazebo_visual/nubot_gazebo/src/nubot_gazebo.hh:5,
#15 11.92                  from /simatch/src/gazebo_visual/nubot_gazebo/src/nubot_gazebo.cc:9:
#15 11.92 /usr/include/ignition/math2/ignition/math/Quaternion.hh:1069:32: note:   'ignition::math::Quaterniond'
#15 11.92      typedef Quaternion<double> Quaterniond;
#15 11.92                                 ^
#15 11.92 /simatch/src/gazebo_visual/nubot_gazebo/src/nubot_gazebo.cc:349:9: error: 'kick_vector_world_' was not declared in this scope
#15 11.92          kick_vector_world_ = rotation_quaternion.RotateVector( kick_vector_robot );
#15 11.92          ^
#15 11.92 /simatch/src/gazebo_visual/nubot_gazebo/src/nubot_gazebo.cc:349:30: error: 'rotation_quaternion' was not declared in this scope
#15 11.92          kick_vector_world_ = rotation_quaternion.RotateVector( kick_vector_robot );
#15 11.92                               ^
#15 11.92 /simatch/src/gazebo_visual/nubot_gazebo/src/nubot_gazebo.cc:364:17: error: 'Vector3d' is not a member of 'gazebo::math'
#15 11.92                  math::Vector3d obs_pos(model_states_.pose[i].position.x,
#15 11.92                  ^
#15 11.92 /simatch/src/gazebo_visual/nubot_gazebo/src/nubot_gazebo.cc:364:17: note: suggested alternatives:
#15 11.92 In file included from /usr/include/ignition/math2/ignition/math/Box.hh:23:0,
#15 11.92                  from /usr/include/ignition/math2/ignition/math.hh:5,
#15 11.92                  from /usr/include/sdformat-4.4/sdf/Param.hh:35,
#15 11.92                  from /usr/include/sdformat-4.4/sdf/Element.hh:24,
#15 11.92                  from /usr/include/sdformat-4.4/sdf/sdf.hh:5,
#15 11.92                  from /usr/include/gazebo-7/gazebo/common/Battery.hh:25,
#15 11.92                  from /usr/include/gazebo-7/gazebo/common/common.hh:8,
#15 11.92                  from /usr/include/gazebo-7/gazebo/gazebo_core.hh:19,
#15 11.92                  from /usr/include/gazebo-7/gazebo/gazebo.hh:20,
#15 11.92                  from /simatch/src/gazebo_visual/nubot_gazebo/src/nubot_gazebo.hh:5,
#15 11.92                  from /simatch/src/gazebo_visual/nubot_gazebo/src/nubot_gazebo.cc:9:
#15 11.92 /usr/include/ignition/math2/ignition/math/Vector3.hh:748:29: note:   'ignition::math::Vector3d'
#15 11.92      typedef Vector3<double> Vector3d;
#15 11.92                              ^
#15 11.92 In file included from /usr/include/gazebo-7/gazebo/msgs/pose.pb.h:27:0,
#15 11.92                  from /usr/include/gazebo-7/gazebo/msgs/any.pb.h:29,
#15 11.92                  from /usr/include/gazebo-7/gazebo/msgs/MessageTypes.hh:8,
#15 11.92                  from /usr/include/gazebo-7/gazebo/msgs/msgs.hh:32,
#15 11.92                  from /usr/include/gazebo-7/gazebo/gazebo_core.hh:21,
#15 11.92                  from /usr/include/gazebo-7/gazebo/gazebo.hh:20,
#15 11.92                  from /simatch/src/gazebo_visual/nubot_gazebo/src/nubot_gazebo.hh:5,
#15 11.92                  from /simatch/src/gazebo_visual/nubot_gazebo/src/nubot_gazebo.cc:9:
#15 11.92 /usr/include/gazebo-7/gazebo/msgs/vector3d.pb.h:45:23: note:   'gazebo::msgs::Vector3d'
#15 11.92  class GZ_MSGS_VISIBLE Vector3d : public ::google::protobuf::Message {
#15 11.92                        ^
#15 11.92 /simatch/src/gazebo_visual/nubot_gazebo/src/nubot_gazebo.cc:369:62: error: 'obs_pos' was not declared in this scope
#15 11.92                      obs_->world_obs_.push_back(nubot::DPoint(obs_pos.X(), obs_pos.Y()));
#15 11.92                                                               ^
#15 11.92 /simatch/src/gazebo_visual/nubot_gazebo/src/nubot_gazebo.cc:371:21: error: 'Vector3d' is not a member of 'gazebo::math'
#15 11.92                      math::Vector3d nubot_obs_vec = obs_pos - robot_state_.pose.position;   // vector from nubot to obstacle
#15 11.92                      ^
#15 11.92 /simatch/src/gazebo_visual/nubot_gazebo/src/nubot_gazebo.cc:371:21: note: suggested alternatives:
#15 11.92 In file included from /usr/include/ignition/math2/ignition/math/Box.hh:23:0,
#15 11.92                  from /usr/include/ignition/math2/ignition/math.hh:5,
#15 11.92                  from /usr/include/sdformat-4.4/sdf/Param.hh:35,
#15 11.92                  from /usr/include/sdformat-4.4/sdf/Element.hh:24,
#15 11.92                  from /usr/include/sdformat-4.4/sdf/sdf.hh:5,
#15 11.92                  from /usr/include/gazebo-7/gazebo/common/Battery.hh:25,
#15 11.92                  from /usr/include/gazebo-7/gazebo/common/common.hh:8,
#15 11.92                  from /usr/include/gazebo-7/gazebo/gazebo_core.hh:19,
#15 11.92                  from /usr/include/gazebo-7/gazebo/gazebo.hh:20,
#15 11.92                  from /simatch/src/gazebo_visual/nubot_gazebo/src/nubot_gazebo.hh:5,
#15 11.92                  from /simatch/src/gazebo_visual/nubot_gazebo/src/nubot_gazebo.cc:9:
#15 11.92 /usr/include/ignition/math2/ignition/math/Vector3.hh:748:29: note:   'ignition::math::Vector3d'
#15 11.92      typedef Vector3<double> Vector3d;
#15 11.92                              ^
#15 11.92 In file included from /usr/include/gazebo-7/gazebo/msgs/pose.pb.h:27:0,
#15 11.92                  from /usr/include/gazebo-7/gazebo/msgs/any.pb.h:29,
#15 11.92                  from /usr/include/gazebo-7/gazebo/msgs/MessageTypes.hh:8,
#15 11.92                  from /usr/include/gazebo-7/gazebo/msgs/msgs.hh:32,
#15 11.92                  from /usr/include/gazebo-7/gazebo/gazebo_core.hh:21,
#15 11.92                  from /usr/include/gazebo-7/gazebo/gazebo.hh:20,
#15 11.92                  from /simatch/src/gazebo_visual/nubot_gazebo/src/nubot_gazebo.hh:5,
#15 11.92                  from /simatch/src/gazebo_visual/nubot_gazebo/src/nubot_gazebo.cc:9:
#15 11.92 /usr/include/gazebo-7/gazebo/msgs/vector3d.pb.h:45:23: note:   'gazebo::msgs::Vector3d'
#15 11.92  class GZ_MSGS_VISIBLE Vector3d : public ::google::protobuf::Message {
#15 11.92                        ^
#15 11.92 /simatch/src/gazebo_visual/nubot_gazebo/src/nubot_gazebo.cc:372:95: error: 'nubot_obs_vec' was not declared in this scope
#15 11.92                      obs_->real_obs_.push_back( nubot::PPoint( get_angle_PI(kick_vector_world_,nubot_obs_vec),nubot_obs_vec.Length()) );
#15 11.92                                                                                                ^
#15 11.92 /simatch/src/gazebo_visual/nubot_gazebo/src/nubot_gazebo.cc:385:17: error: 'Quaterniond' is not a member of 'gazebo::math'
#15 11.92                  math::Quaterniond rot_qua(robot_pose.orientation.w, robot_pose.orientation.x,
#15 11.92                  ^
#15 11.92 /simatch/src/gazebo_visual/nubot_gazebo/src/nubot_gazebo.cc:385:17: note: suggested alternative:
#15 11.92 In file included from /usr/include/ignition/math2/ignition/math/Filter.hh:23:0,
#15 11.92                  from /usr/include/ignition/math2/ignition/math.hh:7,
#15 11.92                  from /usr/include/sdformat-4.4/sdf/Param.hh:35,
#15 11.92                  from /usr/include/sdformat-4.4/sdf/Element.hh:24,
#15 11.92                  from /usr/include/sdformat-4.4/sdf/sdf.hh:5,
#15 11.92                  from /usr/include/gazebo-7/gazebo/common/Battery.hh:25,
#15 11.92                  from /usr/include/gazebo-7/gazebo/common/common.hh:8,
#15 11.92                  from /usr/include/gazebo-7/gazebo/gazebo_core.hh:19,
#15 11.92                  from /usr/include/gazebo-7/gazebo/gazebo.hh:20,
#15 11.92                  from /simatch/src/gazebo_visual/nubot_gazebo/src/nubot_gazebo.hh:5,
#15 11.92                  from /simatch/src/gazebo_visual/nubot_gazebo/src/nubot_gazebo.cc:9:
#15 11.92 /usr/include/ignition/math2/ignition/math/Quaternion.hh:1069:32: note:   'ignition::math::Quaterniond'
#15 11.92      typedef Quaternion<double> Quaterniond;
#15 11.92                                 ^
#15 11.92 /simatch/src/gazebo_visual/nubot_gazebo/src/nubot_gazebo.cc:387:40: error: 'rot_qua' was not declared in this scope
#15 11.92                  double heading_theta = rot_qua.Yaw();
#15 11.92                                         ^
#15 11.92 /simatch/src/gazebo_visual/nubot_gazebo/src/nubot_gazebo.cc: In member function 'double gazebo::NubotGazebo::noise(double, double)':
#15 11.92 /simatch/src/gazebo_visual/nubot_gazebo/src/nubot_gazebo.cc:420:18: error: 'class gazebo::math::Rand' has no member named 'IntUniform'
#15 11.92          if(rand_.IntUniform(0,10) <= (int)10.0*probability)
#15 11.92                   ^
#15 11.92 /simatch/src/gazebo_visual/nubot_gazebo/src/nubot_gazebo.cc:421:32: error: 'class gazebo::math::Rand' has no member named 'DblNormal'
#15 11.92              return scale*rand_.DblNormal(0,1);
#15 11.92                                 ^
#15 11.92 /simatch/src/gazebo_visual/nubot_gazebo/src/nubot_gazebo.cc: In member function 'void gazebo::NubotGazebo::message_publish()':
#15 11.92 /simatch/src/gazebo_visual/nubot_gazebo/src/nubot_gazebo.cc:437:42: error: 'struct gazebo::Pose' has no member named 'position'
#15 11.92      ball_info_.pos.x =  ball_state_.pose.position.X() * M2CM_CONVERSION;
#15 11.92                                           ^
#15 11.92 /simatch/src/gazebo_visual/nubot_gazebo/src/nubot_gazebo.cc:438:42: error: 'struct gazebo::Pose' has no member named 'position'
#15 11.92      ball_info_.pos.y =  ball_state_.pose.position.Y() * M2CM_CONVERSION;
#15 11.92                                           ^
#15 11.92 /simatch/src/gazebo_visual/nubot_gazebo/src/nubot_gazebo.cc:439:47: error: 'kick_vector_world_' was not declared in this scope
#15 11.92      ball_info_.real_pos.angle  = get_angle_PI(kick_vector_world_,nubot_ball_vec_);
#15 11.92                                                ^
#15 11.92 /simatch/src/gazebo_visual/nubot_gazebo/src/nubot_gazebo.cc:439:66: error: 'nubot_ball_vec_' was not declared in this scope
#15 11.92      ball_info_.real_pos.angle  = get_angle_PI(kick_vector_world_,nubot_ball_vec_);
#15 11.92                                                                   ^
#15 11.92 /simatch/src/gazebo_visual/nubot_gazebo/src/nubot_gazebo.cc:441:47: error: 'struct gazebo::Twist' has no member named 'linear'
#15 11.92      ball_info_.velocity.x = ball_state_.twist.linear.X() * M2CM_CONVERSION;
#15 11.92                                                ^
#15 11.92 /simatch/src/gazebo_visual/nubot_gazebo/src/nubot_gazebo.cc:442:47: error: 'struct gazebo::Twist' has no member named 'linear'
#15 11.92      ball_info_.velocity.y = ball_state_.twist.linear.Y() * M2CM_CONVERSION;
#15 11.92                                                ^
#15 11.92 /simatch/src/gazebo_visual/nubot_gazebo/src/nubot_gazebo.cc: At global scope:
#15 11.92 /simatch/src/gazebo_visual/nubot_gazebo/src/nubot_gazebo.cc:476:42: error: variable or field 'nubot_locomotion' declared void
#15 11.92  void NubotGazebo::nubot_locomotion(math::Vector3d linear_vel_vector, math::Vector3d angular_vel_vector)
#15 11.92                                           ^
#15 11.92 /simatch/src/gazebo_visual/nubot_gazebo/src/nubot_gazebo.cc:476:36: error: 'Vector3d' is not a member of 'gazebo::math'
#15 11.92  void NubotGazebo::nubot_locomotion(math::Vector3d linear_vel_vector, math::Vector3d angular_vel_vector)
#15 11.92                                     ^
#15 11.92 /simatch/src/gazebo_visual/nubot_gazebo/src/nubot_gazebo.cc:476:36: note: suggested alternatives:
#15 11.92 In file included from /usr/include/ignition/math2/ignition/math/Box.hh:23:0,
#15 11.92                  from /usr/include/ignition/math2/ignition/math.hh:5,
#15 11.92                  from /usr/include/sdformat-4.4/sdf/Param.hh:35,
#15 11.92                  from /usr/include/sdformat-4.4/sdf/Element.hh:24,
#15 11.92                  from /usr/include/sdformat-4.4/sdf/sdf.hh:5,
#15 11.92                  from /usr/include/gazebo-7/gazebo/common/Battery.hh:25,
#15 11.92                  from /usr/include/gazebo-7/gazebo/common/common.hh:8,
#15 11.92                  from /usr/include/gazebo-7/gazebo/gazebo_core.hh:19,
#15 11.92                  from /usr/include/gazebo-7/gazebo/gazebo.hh:20,
#15 11.92                  from /simatch/src/gazebo_visual/nubot_gazebo/src/nubot_gazebo.hh:5,
#15 11.92                  from /simatch/src/gazebo_visual/nubot_gazebo/src/nubot_gazebo.cc:9:
#15 11.92 /usr/include/ignition/math2/ignition/math/Vector3.hh:748:29: note:   'ignition::math::Vector3d'
#15 11.92      typedef Vector3<double> Vector3d;
#15 11.92                              ^
#15 11.92 In file included from /usr/include/gazebo-7/gazebo/msgs/pose.pb.h:27:0,
#15 11.92                  from /usr/include/gazebo-7/gazebo/msgs/any.pb.h:29,
#15 11.92                  from /usr/include/gazebo-7/gazebo/msgs/MessageTypes.hh:8,
#15 11.92                  from /usr/include/gazebo-7/gazebo/msgs/msgs.hh:32,
#15 11.92                  from /usr/include/gazebo-7/gazebo/gazebo_core.hh:21,
#15 11.92                  from /usr/include/gazebo-7/gazebo/gazebo.hh:20,
#15 11.92                  from /simatch/src/gazebo_visual/nubot_gazebo/src/nubot_gazebo.hh:5,
#15 11.92                  from /simatch/src/gazebo_visual/nubot_gazebo/src/nubot_gazebo.cc:9:
#15 11.92 /usr/include/gazebo-7/gazebo/msgs/vector3d.pb.h:45:23: note:   'gazebo::msgs::Vector3d'
#15 11.92  class GZ_MSGS_VISIBLE Vector3d : public ::google::protobuf::Message {
#15 11.92                        ^
#15 11.92 /simatch/src/gazebo_visual/nubot_gazebo/src/nubot_gazebo.cc:476:70: error: reference to 'math' is ambiguous
#15 11.92  void NubotGazebo::nubot_locomotion(math::Vector3d linear_vel_vector, math::Vector3d angular_vel_vector)
#15 11.92                                                                       ^
#15 11.92 In file included from /usr/include/gazebo-7/gazebo/math/Vector3.hh:25:0,
#15 11.92                  from /usr/include/gazebo-7/gazebo/common/Color.hh:24,
#15 11.92                  from /usr/include/gazebo-7/gazebo/common/common.hh:14,
#15 11.92                  from /usr/include/gazebo-7/gazebo/gazebo_core.hh:19,
#15 11.92                  from /usr/include/gazebo-7/gazebo/gazebo.hh:20,
#15 11.92                  from /simatch/src/gazebo_visual/nubot_gazebo/src/nubot_gazebo.hh:5,
#15 11.92                  from /simatch/src/gazebo_visual/nubot_gazebo/src/nubot_gazebo.cc:9:
#15 11.92 /usr/include/gazebo-7/gazebo/math/Helpers.hh:60:3: note: candidates are: namespace gazebo::math { }
#15 11.92    {
#15 11.92    ^
#15 11.92 In file included from /usr/include/gazebo-7/gazebo/common/common.hh:5:0,
#15 11.92                  from /usr/include/gazebo-7/gazebo/gazebo_core.hh:19,
#15 11.92                  from /usr/include/gazebo-7/gazebo/gazebo.hh:20,
#15 11.92                  from /simatch/src/gazebo_visual/nubot_gazebo/src/nubot_gazebo.hh:5,
#15 11.92                  from /simatch/src/gazebo_visual/nubot_gazebo/src/nubot_gazebo.cc:9:
#15 11.92 /usr/include/gazebo-7/gazebo/common/Animation.hh:27:3: note:                 namespace ignition::math { }
#15 11.92    {
#15 11.92    ^
#15 11.98 [ 76%] Linking CXX static library /simatch/devel/lib/libworld_model.a
#15 11.99 [ 76%] Built target world_model
#15 12.00 Scanning dependencies of target comm
#15 12.00 Scanning dependencies of target read
#15 12.00 Scanning dependencies of target write
#15 12.00 [ 76%] Generating ui_coach_dialog.h
#15 12.00 [ 77%] Generating qrc_source.cpp
#15 12.00 [ 77%] Generating include/nubot_coach/moc_coach_dialog.cpp
#15 12.00 [ 78%] Generating include/nubot_coach/moc_json_parse.cpp
#15 12.00 [ 78%] Generating include/nubot_coach/moc_robot2coach.cpp
#15 12.00 [ 80%] Generating include/nubot_coach/moc_packet2Refbox.cpp
#15 12.00 [ 80%] Generating include/nubot_coach/moc_coach2refbox.cpp
#15 12.00 Scanning dependencies of target world_model_node
#15 12.00 /simatch/src/nubot_coach/src/include/nubot_coach/json_parse.h:0: Note: No relevant classes found. No output generated.
#15 12.00 [ 81%] Building CXX object robot_code/world_model/rtdb/CMakeFiles/comm.dir/comm.cpp.o
#15 12.00 Scanning dependencies of target strategy_pub_node
#15 12.00 [ 81%] Building CXX object robot_code/world_model/rtdb/CMakeFiles/write.dir/write.cpp.o
#15 12.00 [ 81%] Building CXX object robot_code/world_model/rtdb/CMakeFiles/read.dir/read.cpp.o
#15 12.01 [ 81%] Building CXX object robot_code/world_model/CMakeFiles/world_model_node.dir/src/main.cpp.o
#15 12.01 [ 81%] Building CXX object robot_code/world_model/CMakeFiles/world_model_node.dir/src/world_model.cpp.o
#15 12.01 [ 82%] Building CXX object robot_code/simulation_interface/CMakeFiles/strategy_pub_node.dir/src/strategy_info.cpp.o
#15 12.05 /simatch/src/robot_code/world_model/rtdb/comm.cpp: In function 'int main(int, char**)':
#15 12.05 /simatch/src/robot_code/world_model/rtdb/comm.cpp:414:12: warning: ISO C++ forbids converting a string constant to 'char*' [-Wwrite-strings]
#15 12.05      argv[0]= "comm";
#15 12.05             ^
#15 12.05 /simatch/src/robot_code/world_model/rtdb/comm.cpp:415:12: warning: ISO C++ forbids converting a string constant to 'char*' [-Wwrite-strings]
#15 12.05      argv[1]= "wlan0";
#15 12.05             ^
#15 12.06 Scanning dependencies of target nubot_control_node
#15 12.08 [ 83%] Building CXX object robot_code/nubot_control/CMakeFiles/nubot_control_node.dir/src/activerole.cpp.o
#15 12.08 [ 83%] Building CXX object robot_code/nubot_control/CMakeFiles/nubot_control_node.dir/src/role_assignment.cpp.o
#15 12.08 [ 84%] Building CXX object robot_code/nubot_control/CMakeFiles/nubot_control_node.dir/src/nubot_control.cpp.o
#15 12.08 [ 84%] Building CXX object robot_code/nubot_control/CMakeFiles/nubot_control_node.dir/src/fieldinformation.cpp.o
#15 12.08 [ 84%] Building CXX object robot_code/nubot_control/CMakeFiles/nubot_control_node.dir/src/behaviour.cpp.o
#15 12.08 [ 84%] Building CXX object robot_code/nubot_control/CMakeFiles/nubot_control_node.dir/src/goaliestrategy.cpp.o
#15 12.08 [ 85%] Building CXX object robot_code/nubot_control/CMakeFiles/nubot_control_node.dir/src/plan.cpp.o
#15 12.08 [ 85%] Building CXX object robot_code/nubot_control/CMakeFiles/nubot_control_node.dir/src/subtargets.cpp.o
#15 12.08 [ 85%] Building CXX object robot_code/nubot_control/CMakeFiles/nubot_control_node.dir/src/staticpass.cpp.o
#15 12.08 [ 86%] Building CXX object robot_code/nubot_control/CMakeFiles/nubot_control_node.dir/src/bezier.cpp.o
#15 12.08 [ 87%] Building CXX object robot_code/nubot_control/CMakeFiles/nubot_control_node.dir/src/strategy.cpp.o
#15 12.10 [ 87%] Building CXX object robot_code/nubot_control/CMakeFiles/nubot_control_node.dir/src/midfieldrole.cpp.o
#15 12.10 [ 88%] Building CXX object robot_code/nubot_control/CMakeFiles/nubot_control_node.dir/src/passiverole.cpp.o
#15 12.11 [ 88%] Building CXX object robot_code/nubot_control/CMakeFiles/nubot_control_node.dir/src/assistrole.cpp.o
#15 12.13 [ 88%] Linking CXX executable /simatch/devel/lib/world_model/comm
#15 12.22 gazebo_visual/nubot_gazebo/CMakeFiles/ball_gazebo.dir/build.make:62: recipe for target 'gazebo_visual/nubot_gazebo/CMakeFiles/ball_gazebo.dir/src/ball_gazebo.cc.o' failed
#15 12.22 make[2]: *** [gazebo_visual/nubot_gazebo/CMakeFiles/ball_gazebo.dir/src/ball_gazebo.cc.o] Error 1
#15 12.22 make[1]: *** [gazebo_visual/nubot_gazebo/CMakeFiles/ball_gazebo.dir/all] Error 2
#15 12.22 make[1]: *** Waiting for unfinished jobs....
#15 12.22 CMakeFiles/Makefile2:5322: recipe for target 'gazebo_visual/nubot_gazebo/CMakeFiles/ball_gazebo.dir/all' failed
#15 12.22 [ 88%] Built target comm
#15 12.49 [ 88%] Linking CXX executable /simatch/devel/lib/nubot_hwcontroller/nubot_hwcontroller_node
#15 12.56 [ 89%] Linking CXX executable /simatch/devel/lib/auto_referee/auto_referee
#15 12.56 gazebo_visual/nubot_gazebo/CMakeFiles/nubot_gazebo.dir/build.make:62: recipe for target 'gazebo_visual/nubot_gazebo/CMakeFiles/nubot_gazebo.dir/src/nubot_gazebo.cc.o' failed
#15 12.56 make[2]: *** [gazebo_visual/nubot_gazebo/CMakeFiles/nubot_gazebo.dir/src/nubot_gazebo.cc.o] Error 1
#15 12.56 CMakeFiles/Makefile2:5214: recipe for target 'gazebo_visual/nubot_gazebo/CMakeFiles/nubot_gazebo.dir/all' failed
#15 12.56 make[1]: *** [gazebo_visual/nubot_gazebo/CMakeFiles/nubot_gazebo.dir/all] Error 2
#15 12.58 [ 89%] Built target nubot_hwcontroller_node
#15 12.77 /simatch/src/nubot_coach/src/include/nubot_coach/packet2Refbox.h:0: Note: No relevant classes found. No output generated.
#15 12.78 [ 89%] Built target auto_referee
#15 12.95 /simatch/src/nubot_coach/src/include/nubot_coach/robot2coach.h:0: Note: No relevant classes found. No output generated.
#15 12.96 /simatch/src/nubot_coach/src/include/nubot_coach/coach2refbox.h:0: Note: No relevant classes found. No output generated.
#15 12.97 [ 90%] Linking CXX executable /simatch/devel/lib/world_model/read
#15 13.01 [ 90%] Built target read
#15 13.04 [ 91%] Linking CXX executable /simatch/devel/lib/world_model/write
#15 13.05 Scanning dependencies of target nubot_coach_node
#15 13.06 [ 92%] Building CXX object nubot_coach/src/CMakeFiles/nubot_coach_node.dir/src/json_parse.cpp.o
#15 13.06 [ 92%] Building CXX object nubot_coach/src/CMakeFiles/nubot_coach_node.dir/src/robot2coach.cpp.o
#15 13.06 [ 92%] Building CXX object nubot_coach/src/CMakeFiles/nubot_coach_node.dir/src/coach2refbox.cpp.o
#15 13.07 [ 93%] Building CXX object nubot_coach/src/CMakeFiles/nubot_coach_node.dir/src/packet2Refbox.cpp.o
#15 13.07 [ 94%] Building CXX object nubot_coach/src/CMakeFiles/nubot_coach_node.dir/src/coach_dialog.cpp.o
#15 13.07 [ 94%] Building CXX object nubot_coach/src/CMakeFiles/nubot_coach_node.dir/src/main.cpp.o
#15 13.07 [ 95%] Building CXX object nubot_coach/src/CMakeFiles/nubot_coach_node.dir/include/nubot_coach/moc_packet2Refbox.cpp.o
#15 13.07 [ 95%] Building CXX object nubot_coach/src/CMakeFiles/nubot_coach_node.dir/qrc_source.cpp.o
#15 13.07 [ 95%] Building CXX object nubot_coach/src/CMakeFiles/nubot_coach_node.dir/include/nubot_coach/moc_robot2coach.cpp.o
#15 13.07 [ 96%] Building CXX object nubot_coach/src/CMakeFiles/nubot_coach_node.dir/include/nubot_coach/moc_coach_dialog.cpp.o
#15 13.07 [ 96%] Building CXX object nubot_coach/src/CMakeFiles/nubot_coach_node.dir/include/nubot_coach/moc_json_parse.cpp.o
#15 13.09 [ 96%] Building CXX object nubot_coach/src/CMakeFiles/nubot_coach_node.dir/include/nubot_coach/moc_coach2refbox.cpp.o
#15 13.09 [ 96%] Built target write
#15 13.80 [ 96%] Linking CXX executable /simatch/devel/lib/simulation_interface/strategy_pub_node
#15 13.86 [ 96%] Built target strategy_pub_node
#15 14.27 [ 97%] Linking CXX executable /simatch/devel/lib/nubot_control/nubot_control_node
#15 14.37 [ 97%] Built target nubot_control_node
#15 14.81 [ 98%] Linking CXX executable /simatch/devel/lib/world_model/world_model_node
#15 14.87 [ 98%] Built target world_model_node
#15 15.02 [100%] Linking CXX executable /simatch/devel/lib/nubot_coach/nubot_coach_node
#15 15.19 [100%] Built target nubot_coach_node
#15 15.19 Makefile:138: recipe for target 'all' failed
#15 15.19 make: *** [all] Error 2
#15 15.19 Base path: /simatch
#15 15.19 Source space: /simatch/src
#15 15.19 Build space: /simatch/build
#15 15.19 Devel space: /simatch/devel
#15 15.19 Install space: /simatch/install
#15 15.19 ####
#15 15.19 #### Running command: "cmake /simatch/src -DCATKIN_DEVEL_PREFIX=/simatch/devel -DCMAKE_INSTALL_PREFIX=/simatch/install -G Unix Makefiles" in "/simatch/build"
#15 15.19 ####
#15 15.19 ####
#15 15.19 #### Running command: "make -j28 -l28" in "/simatch/build"
#15 15.19 ####
#15 15.19 Invoking "make -j28 -l28" failed
#15 ERROR: process "/bin/sh -c /bin/bash -c \"source /opt/ros/kinetic/setup.bash &&     cd / &&     git clone -b  melodic-dev https://github.com/nubot-nudt/simatch.git &&     cd simatch &&     chmod +x configure &&     ./configure &&     catkin_make\"" did not complete successfully: exit code: 1
------
 > [12/15] RUN /bin/bash -c "source /opt/ros/kinetic/setup.bash &&     cd / &&     git clone -b  melodic-dev https://github.com/nubot-nudt/simatch.git &&     cd simatch &&     chmod +x configure &&     ./configure &&     catkin_make":
15.19 Build space: /simatch/build
15.19 Devel space: /simatch/devel
15.19 Install space: /simatch/install
15.19 ####
15.19 #### Running command: "cmake /simatch/src -DCATKIN_DEVEL_PREFIX=/simatch/devel -DCMAKE_INSTALL_PREFIX=/simatch/install -G Unix Makefiles" in "/simatch/build"
15.19 ####
15.19 ####
15.19 #### Running command: "make -j28 -l28" in "/simatch/build"
15.19 ####
15.19 Invoking "make -j28 -l28" failed
------
Dockerfile:51
--------------------
  50 |     # Compile catkin workspace
  51 | >>> RUN /bin/bash -c "source /opt/ros/kinetic/setup.bash && \
  52 | >>>     cd / && \
  53 | >>>     git clone -b  melodic-dev https://github.com/nubot-nudt/simatch.git && \
  54 | >>>     cd simatch && \
  55 | >>>     chmod +x configure && \
  56 | >>>     ./configure && \
  57 | >>>     catkin_make"
  58 |     
--------------------
ERROR: failed to solve: process "/bin/sh -c /bin/bash -c \"source /opt/ros/kinetic/setup.bash &&     cd / &&     git clone -b  melodic-dev https://github.com/nubot-nudt/simatch.git &&     cd simatch &&     chmod +x configure &&     ./configure &&     catkin_make\"" did not complete successfully: exit code: 1
